This is XeTeX, Version 3.14159265-2.6-0.999991 (TeX Live 2019/Debian) (preloaded format=xelatex 2020.12.8)  9 DEC 2020 08:57
entering extended mode
 restricted \write18 enabled.
 %&-line parsing enabled.
**fossgis.tex
(./fossgis.tex
LaTeX2e <2020-02-02> patch level 2
L3 programming layer <2020-02-14> (./sphinxmanual.cls
Document Class: sphinxmanual 2019/12/01 v2.3.0 Document class (Sphinx manual)
(/usr/share/texlive/texmf-dist/tex/latex/base/report.cls
Document Class: report 2019/12/20 v1.4l Standard LaTeX document class
(/usr/share/texlive/texmf-dist/tex/latex/base/size10.clo
File: size10.clo 2019/12/20 v1.4l Standard LaTeX file (size option)
)
\c@part=\count163
\c@chapter=\count164
\c@section=\count165
\c@subsection=\count166
\c@subsubsection=\count167
\c@paragraph=\count168
\c@subparagraph=\count169
\c@figure=\count170
\c@table=\count171
\abovecaptionskip=\skip47
\belowcaptionskip=\skip48
\bibindent=\dimen134
)
LaTeX Info: Redefining \and on input line 35.
)
\sphinxpxdimen=\dimen135

(/usr/share/texlive/texmf-dist/tex/latex/cmap/cmap.sty
Package: cmap 2008/03/06 v1.0h CMap support: searchable PDF


Package cmap Warning: pdftex not detected - exiting.

) (/usr/share/texlive/texmf-dist/tex/latex/fontspec/fontspec.sty
(/usr/share/texlive/texmf-dist/tex/latex/l3packages/xparse/xparse.sty
(/usr/share/texlive/texmf-dist/tex/latex/l3kernel/expl3.sty
Package: expl3 2020-02-14 L3 programming layer (loader) 

(/usr/share/texlive/texmf-dist/tex/latex/l3backend/l3backend-xdvipdfmx.def
File: l3backend-xdvipdfmx.def 2020-02-03 L3 backend support: xdvipdfmx
\g__graphics_track_int=\count172
\l__pdf_internal_box=\box45
\g__pdf_backend_object_int=\count173
\g__pdf_backend_annotation_int=\count174
))
Package: xparse 2020-02-14 L3 Experimental document command parser
\l__xparse_current_arg_int=\count175
\g__xparse_grabber_int=\count176
\l__xparse_m_args_int=\count177
\l__xparse_v_nesting_int=\count178
)
Package: fontspec 2020/02/03 v2.7h Font selection for XeLaTeX and LuaLaTeX

(/usr/share/texlive/texmf-dist/tex/latex/fontspec/fontspec-xetex.sty
Package: fontspec-xetex 2020/02/03 v2.7h Font selection for XeLaTeX and LuaLaTe
X
\l__fontspec_script_int=\count179
\l__fontspec_language_int=\count180
\l__fontspec_strnum_int=\count181
\l__fontspec_tmp_int=\count182
\l__fontspec_tmpa_int=\count183
\l__fontspec_tmpb_int=\count184
\l__fontspec_tmpc_int=\count185
\l__fontspec_em_int=\count186
\l__fontspec_emdef_int=\count187
\l__fontspec_strong_int=\count188
\l__fontspec_strongdef_int=\count189
\l__fontspec_tmpa_dim=\dimen136
\l__fontspec_tmpb_dim=\dimen137
\l__fontspec_tmpc_dim=\dimen138

(/usr/share/texlive/texmf-dist/tex/latex/base/fontenc.sty
Package: fontenc 2020/02/11 v2.0o Standard LaTeX package
)
(/usr/share/texlive/texmf-dist/tex/latex/fontspec/fontspec.cfg)))
(/usr/share/texlive/texmf-dist/tex/latex/amsmath/amsmath.sty
Package: amsmath 2020/01/20 v2.17e AMS math features
\@mathmargin=\skip49

For additional information on amsmath, use the `?' option.
(/usr/share/texlive/texmf-dist/tex/latex/amsmath/amstext.sty
Package: amstext 2000/06/29 v2.01 AMS text

(/usr/share/texlive/texmf-dist/tex/latex/amsmath/amsgen.sty
File: amsgen.sty 1999/11/30 v2.0 generic functions
\@emptytoks=\toks14
\ex@=\dimen139
))
(/usr/share/texlive/texmf-dist/tex/latex/amsmath/amsbsy.sty
Package: amsbsy 1999/11/29 v1.2d Bold Symbols
\pmbraise@=\dimen140
)
(/usr/share/texlive/texmf-dist/tex/latex/amsmath/amsopn.sty
Package: amsopn 2016/03/08 v2.02 operator names
)
\inf@bad=\count190
LaTeX Info: Redefining \frac on input line 227.
\uproot@=\count191
\leftroot@=\count192
LaTeX Info: Redefining \overline on input line 389.
\classnum@=\count193
\DOTSCASE@=\count194
LaTeX Info: Redefining \ldots on input line 486.
LaTeX Info: Redefining \dots on input line 489.
LaTeX Info: Redefining \cdots on input line 610.
\Mathstrutbox@=\box46
\strutbox@=\box47
\big@size=\dimen141
LaTeX Font Info:    Redeclaring font encoding OML on input line 733.
LaTeX Font Info:    Redeclaring font encoding OMS on input line 734.
\macc@depth=\count195
\c@MaxMatrixCols=\count196
\dotsspace@=\muskip16
\c@parentequation=\count197
\dspbrk@lvl=\count198
\tag@help=\toks15
\row@=\count199
\column@=\count266
\maxfields@=\count267
\andhelp@=\toks16
\eqnshift@=\dimen142
\alignsep@=\dimen143
\tagshift@=\dimen144
\tagwidth@=\dimen145
\totwidth@=\dimen146
\lineht@=\dimen147
\@envbody=\toks17
\multlinegap=\skip50
\multlinetaggap=\skip51
\mathdisplay@stack=\toks18
LaTeX Info: Redefining \[ on input line 2859.
LaTeX Info: Redefining \] on input line 2860.
)
(/usr/share/texlive/texmf-dist/tex/latex/amsfonts/amssymb.sty
Package: amssymb 2013/01/14 v3.01 AMS font symbols

(/usr/share/texlive/texmf-dist/tex/latex/amsfonts/amsfonts.sty
Package: amsfonts 2013/01/14 v3.01 Basic AMSFonts support
\symAMSa=\mathgroup4
\symAMSb=\mathgroup5
LaTeX Font Info:    Redeclaring math symbol \hbar on input line 98.
LaTeX Font Info:    Overwriting math alphabet `\mathfrak' in version `bold'
(Font)                  U/euf/m/n --> U/euf/b/n on input line 106.
))
(/usr/share/texlive/texmf-dist/tex/latex/polyglossia/polyglossia.sty
Package: polyglossia 2020/01/29 v1.47 Modern multilingual typesetting with XeLa
TeX and LuaLaTeX

(/usr/share/texlive/texmf-dist/tex/latex/etoolbox/etoolbox.sty
Package: etoolbox 2019/09/21 v2.5h e-TeX tools for LaTeX (JAW)
\etb@tempcnta=\count268
)
(/usr/share/texlive/texmf-dist/tex/latex/makecmds/makecmds.sty
Package: makecmds 2009/09/03 v1.0a extra command making commands
)
(/usr/share/texlive/texmf-dist/tex/latex/xkeyval/xkeyval.sty
Package: xkeyval 2014/12/03 v2.7a package option processing (HA)

(/usr/share/texlive/texmf-dist/tex/generic/xkeyval/xkeyval.tex
(/usr/share/texlive/texmf-dist/tex/generic/xkeyval/xkvutils.tex
\XKV@toks=\toks19
\XKV@tempa@toks=\toks20

(/usr/share/texlive/texmf-dist/tex/generic/xkeyval/keyval.tex))
\XKV@depth=\count269
File: xkeyval.tex 2014/12/03 v2.7a key=value parser (HA)
))
(/usr/share/texlive/texmf-dist/tex/generic/iftex/ifluatex.sty
Package: ifluatex 2019/10/25 v1.5 ifluatex legacy package. Use iftex instead.

(/usr/share/texlive/texmf-dist/tex/generic/iftex/iftex.sty
Package: iftex 2019/11/07 v1.0c TeX engine tests
))
(/usr/share/texlive/texmf-dist/tex/generic/iftex/ifxetex.sty
Package: ifxetex 2019/10/25 v0.7 ifxetex legacy package. Use iftex instead.
)
(/usr/share/texlive/texmf-dist/tex/latex/l3packages/l3keys2e/l3keys2e.sty
Package: l3keys2e 2020-02-14 LaTeX2e option processing using LaTeX3 keys
)
(/usr/share/texlive/texmf-dist/tex/latex/filehook/filehook.sty
Package: filehook 2020/02/03 v0.7 Hooks for input files
)
\xpg@normalclass=\XeTeXcharclass1

(/usr/share/texlive/texmf-dist/tex/latex/polyglossia/gloss-latex.ldf
File: gloss-latex.ldf polyglossia: module for default language
The property list \polyglossia@langsetup contains the pairs (without outer
braces):
>  {latex/script}  =>  {latin}
>  {latex/lcscript}  =>  {latin}
>  {latex/scripttag}  =>  {}
>  {latex/language}  =>  {Latex}
>  {latex/langtag}  =>  {ENG}
>  {latex/bcp47}  =>  {}
>  {latex/hyphennames}  =>  {english}
>  {latex/direction}  =>  {LR}
>  {latex/hyphenmins}  =>  {2,3}
>  {latex/frenchspacing}  =>  {false}
>  {latex/indentfirst}  =>  {false}
>  {latex/fontsetup}  =>  {true}
>  {latex/envname}  =>  {latex}
>  {latex/babelname}  =>  {latex}
>  {latex/localnumeral}  =>  {polyglossia@C@localnumeral}
>  {latex/Localnumeral}  =>  {polyglossia@C@localnumeral}.
)
Package polyglossia Info: Default language is latex.
Package polyglossia Info: Option: localmarks.
)
(/usr/share/texlive/texmf-dist/tex/latex/polyglossia/gloss-english.ldf
File: gloss-english.ldf polyglossia: module for english
The property list \polyglossia@langsetup contains the pairs (without outer
braces):
>  {latex/script}  =>  {latin}
>  {latex/lcscript}  =>  {latin}
>  {latex/scripttag}  =>  {}
>  {latex/language}  =>  {Latex}
>  {latex/langtag}  =>  {ENG}
>  {latex/bcp47}  =>  {}
>  {latex/hyphennames}  =>  {english}
>  {latex/direction}  =>  {LR}
>  {latex/hyphenmins}  =>  {2,3}
>  {latex/frenchspacing}  =>  {false}
>  {latex/indentfirst}  =>  {false}
>  {latex/fontsetup}  =>  {true}
>  {latex/envname}  =>  {latex}
>  {latex/babelname}  =>  {latex}
>  {latex/localnumeral}  =>  {polyglossia@C@localnumeral}
>  {latex/Localnumeral}  =>  {polyglossia@C@localnumeral}
>  {english/script}  =>  {latin}
>  {english/lcscript}  =>  {latin}
>  {english/scripttag}  =>  {}
>  {english/language}  =>  {English}
>  {english/langtag}  =>  {ENG}
>  {english/bcp47}  =>  {en-US}
>  {english/hyphennames}  =>  {english,american,usenglish,USenglish}
>  {english/direction}  =>  {LR}
>  {english/hyphenmins}  =>  {2,3}
>  {english/frenchspacing}  =>  {false}
>  {english/indentfirst}  =>  {false}
>  {english/fontsetup}  =>  {true}
>  {english/envname}  =>  {english}
>  {english/babelname}  =>  {english}
>  {english/localnumeral}  =>  {polyglossia@C@localnumeral}
>  {english/Localnumeral}  =>  {polyglossia@C@localnumeral}.
Package polyglossia Info: Option: English, variant=american.
)
Package polyglossia Info: Default language is english.

Package fontspec Info: Font family 'FreeSerif(0)' created for font 'FreeSerif'
(fontspec)             with options [Extension = .otf,UprightFont =
(fontspec)             *,ItalicFont = *Italic,BoldFont = *Bold,BoldItalicFont
(fontspec)             = *BoldItalic].
(fontspec)              
(fontspec)              This font family consists of the following NFSS
(fontspec)             series/shapes:
(fontspec)              
(fontspec)             - 'normal' (m/n) with NFSS spec.:
(fontspec)             <->"[FreeSerif.otf]/OT:script=latn;language=dflt;"
(fontspec)             - 'small caps'  (m/sc) with NFSS spec.:
(fontspec)             <->"[FreeSerif.otf]/OT:script=latn;language=dflt;+smcp;"

(fontspec)             - 'bold' (b/n) with NFSS spec.:
(fontspec)             <->"[FreeSerifBold.otf]/OT:script=latn;language=dflt;"
(fontspec)             - 'bold small caps'  (b/sc) with NFSS spec.:
(fontspec)             <->"[FreeSerifBold.otf]/OT:script=latn;language=dflt;+sm
cp;"
(fontspec)             - 'italic' (m/it) with NFSS spec.:
(fontspec)             <->"[FreeSerifItalic.otf]/OT:script=latn;language=dflt;"

(fontspec)             - 'italic small caps'  (m/scit) with NFSS spec.: 
(fontspec)             - 'bold italic' (b/it) with NFSS spec.:
(fontspec)             <->"[FreeSerifBoldItalic.otf]/OT:script=latn;language=df
lt;"
(fontspec)             - 'bold italic small caps'  (b/scit) with NFSS spec.: 


Package fontspec Info: Font family 'FreeSans(0)' created for font 'FreeSans'
(fontspec)             with options [Extension = .otf,UprightFont =
(fontspec)             *,ItalicFont = *Oblique,BoldFont = *Bold,BoldItalicFont
(fontspec)             = *BoldOblique].
(fontspec)              
(fontspec)              This font family consists of the following NFSS
(fontspec)             series/shapes:
(fontspec)              
(fontspec)             - 'normal' (m/n) with NFSS spec.:
(fontspec)             <->"[FreeSans.otf]/OT:script=latn;language=dflt;"
(fontspec)             - 'small caps'  (m/sc) with NFSS spec.:
(fontspec)             <->"[FreeSans.otf]/OT:script=latn;language=dflt;+smcp;"
(fontspec)             - 'bold' (b/n) with NFSS spec.:
(fontspec)             <->"[FreeSansBold.otf]/OT:script=latn;language=dflt;"
(fontspec)             - 'bold small caps'  (b/sc) with NFSS spec.:
(fontspec)             <->"[FreeSansBold.otf]/OT:script=latn;language=dflt;+smc
p;"
(fontspec)             - 'italic' (m/it) with NFSS spec.:
(fontspec)             <->"[FreeSansOblique.otf]/OT:script=latn;language=dflt;"

(fontspec)             - 'italic small caps'  (m/scit) with NFSS spec.: 
(fontspec)             - 'bold italic' (b/it) with NFSS spec.:
(fontspec)             <->"[FreeSansBoldOblique.otf]/OT:script=latn;language=df
lt;"
(fontspec)             - 'bold italic small caps'  (b/scit) with NFSS spec.: 


Package fontspec Info: Font family 'FreeMono(0)' created for font 'FreeMono'
(fontspec)             with options [Extension = .otf,UprightFont =
(fontspec)             *,ItalicFont = *Oblique,BoldFont = *Bold,BoldItalicFont
(fontspec)             = *BoldOblique].
(fontspec)              
(fontspec)              This font family consists of the following NFSS
(fontspec)             series/shapes:
(fontspec)              
(fontspec)             - 'normal' (m/n) with NFSS spec.:
(fontspec)             <->"[FreeMono.otf]/OT:script=latn;language=dflt;"
(fontspec)             - 'small caps'  (m/sc) with NFSS spec.: 
(fontspec)             - 'bold' (b/n) with NFSS spec.:
(fontspec)             <->"[FreeMonoBold.otf]/OT:script=latn;language=dflt;"
(fontspec)             - 'bold small caps'  (b/sc) with NFSS spec.: 
(fontspec)             - 'italic' (m/it) with NFSS spec.:
(fontspec)             <->"[FreeMonoOblique.otf]/OT:script=latn;language=dflt;"

(fontspec)             - 'italic small caps'  (m/scit) with NFSS spec.: 
(fontspec)             - 'bold italic' (b/it) with NFSS spec.:
(fontspec)             <->"[FreeMonoBoldOblique.otf]/OT:script=latn;language=df
lt;"
(fontspec)             - 'bold italic small caps'  (b/scit) with NFSS spec.: 


(/usr/share/texlive/texmf-dist/tex/latex/fncychap/fncychap.sty
Package: fncychap 2007/07/30 v1.34 LaTeX package (Revised chapters)
\RW=\skip52
\mylen=\skip53
\myhi=\skip54
\px=\skip55
\py=\skip56
\pyy=\skip57
\pxx=\skip58
\c@AlphaCnt=\count270
\c@AlphaDecCnt=\count271
) (./sphinx.sty
Package: sphinx 2019/09/02 v2.3.0 LaTeX package (Sphinx markup)

(/usr/share/texlive/texmf-dist/tex/generic/ltxcmds/ltxcmds.sty
Package: ltxcmds 2019/12/15 v1.24 LaTeX kernel commands for general use (HO)
)
(/usr/share/texlive/texmf-dist/tex/latex/graphics/graphicx.sty
Package: graphicx 2019/11/30 v1.2a Enhanced LaTeX Graphics (DPC,SPQR)

(/usr/share/texlive/texmf-dist/tex/latex/graphics/graphics.sty
Package: graphics 2019/11/30 v1.4a Standard LaTeX Graphics (DPC,SPQR)

(/usr/share/texlive/texmf-dist/tex/latex/graphics/trig.sty
Package: trig 2016/01/03 v1.10 sin cos tan (DPC)
)
(/usr/share/texlive/texmf-dist/tex/latex/graphics-cfg/graphics.cfg
File: graphics.cfg 2016/06/04 v1.11 sample graphics configuration
)
Package graphics Info: Driver file: xetex.def on input line 105.

(/usr/share/texlive/texmf-dist/tex/latex/graphics-def/xetex.def
File: xetex.def 2017/06/24 v5.0h Graphics/color driver for xetex
))
\Gin@req@height=\dimen148
\Gin@req@width=\dimen149
)
(/usr/share/texlive/texmf-dist/tex/latex/fancyhdr/fancyhdr.sty
Package: fancyhdr 2019/01/31 v3.10 Extensive control of page headers and footer
s
\f@nch@headwidth=\skip59
\f@nch@O@elh=\skip60
\f@nch@O@erh=\skip61
\f@nch@O@olh=\skip62
\f@nch@O@orh=\skip63
\f@nch@O@elf=\skip64
\f@nch@O@erf=\skip65
\f@nch@O@olf=\skip66
\f@nch@O@orf=\skip67
)
(/usr/share/texlive/texmf-dist/tex/latex/base/textcomp.sty
Package: textcomp 2020/02/02 v2.0n Standard LaTeX package
)
(/usr/share/texlive/texmf-dist/tex/latex/titlesec/titlesec.sty
Package: titlesec 2019/10/16 v2.13 Sectioning titles
\ttl@box=\box48
\beforetitleunit=\skip68
\aftertitleunit=\skip69
\ttl@plus=\dimen150
\ttl@minus=\dimen151
\ttl@toksa=\toks21
\titlewidth=\dimen152
\titlewidthlast=\dimen153
\titlewidthfirst=\dimen154
)
(/usr/share/texlive/texmf-dist/tex/latex/tabulary/tabulary.sty
Package: tabulary 2014/06/11 v0.10 tabulary package (DPC)

(/usr/share/texlive/texmf-dist/tex/latex/tools/array.sty
Package: array 2019/08/31 v2.4l Tabular extension package (FMi)
\col@sep=\dimen155
\ar@mcellbox=\box49
\extrarowheight=\dimen156
\NC@list=\toks22
\extratabsurround=\skip70
\backup@length=\skip71
\ar@cellbox=\box50
)
\TY@count=\count272
\TY@linewidth=\dimen157
\tymin=\dimen158
\tymax=\dimen159
\TY@tablewidth=\dimen160
)
(/usr/share/texlive/texmf-dist/tex/latex/tools/longtable.sty
Package: longtable 2020/01/07 v4.13 Multi-page Table package (DPC)
\LTleft=\skip72
\LTright=\skip73
\LTpre=\skip74
\LTpost=\skip75
\LTchunksize=\count273
\LTcapwidth=\dimen161
\LT@head=\box51
\LT@firsthead=\box52
\LT@foot=\box53
\LT@lastfoot=\box54
\LT@cols=\count274
\LT@rows=\count275
\c@LT@tables=\count276
\c@LT@chunks=\count277
\LT@p@ftn=\toks23
)
(/usr/share/texlive/texmf-dist/tex/latex/varwidth/varwidth.sty
Package: varwidth 2009/03/30 ver 0.92;  Variable-width minipages
\@vwid@box=\box55
\sift@deathcycles=\count278
\@vwid@loff=\dimen162
\@vwid@roff=\dimen163
)
(./sphinxmulticell.sty
Package: sphinxmulticell 2017/02/23 v1.6 better span rows and columns of a tabl
e (Sphinx team)
\sphinx@TY@tablewidth=\dimen164
)
(/usr/share/texlive/texmf-dist/tex/latex/base/makeidx.sty
Package: makeidx 2014/09/29 v1.0m Standard LaTeX package
)
(/usr/share/texlive/texmf-dist/tex/latex/framed/framed.sty
Package: framed 2011/10/22 v 0.96: framed or shaded text with page breaks
\OuterFrameSep=\skip76
\fb@frw=\dimen165
\fb@frh=\dimen166
\FrameRule=\dimen167
\FrameSep=\dimen168
)
(/usr/share/texlive/texmf-dist/tex/latex/xcolor/xcolor.sty
Package: xcolor 2016/05/11 v2.12 LaTeX color extensions (UK)

(/usr/share/texlive/texmf-dist/tex/latex/graphics-cfg/color.cfg
File: color.cfg 2016/01/02 v1.6 sample color configuration
)
Package xcolor Info: Driver file: xetex.def on input line 225.
Package xcolor Info: Model `cmy' substituted by `cmy0' on input line 1348.
Package xcolor Info: Model `RGB' extended on input line 1364.
Package xcolor Info: Model `HTML' substituted by `rgb' on input line 1366.
Package xcolor Info: Model `Hsb' substituted by `hsb' on input line 1367.
Package xcolor Info: Model `tHsb' substituted by `hsb' on input line 1368.
Package xcolor Info: Model `HSB' substituted by `hsb' on input line 1369.
Package xcolor Info: Model `Gray' substituted by `gray' on input line 1370.
Package xcolor Info: Model `wave' substituted by `hsb' on input line 1371.
)
(/usr/share/texlive/texmf-dist/tex/latex/fancyvrb/fancyvrb.sty
Package: fancyvrb 2020/01/13 v3.5 verbatim text (tvz,hv)
\FV@CodeLineNo=\count279
\FV@InFile=\read2
\FV@TabBox=\box56
\c@FancyVerbLine=\count280
\FV@StepNumber=\count281
\FV@OutFile=\write3
)
(./footnotehyper-sphinx.sty
Package: footnotehyper-sphinx 2017/10/27 v1.7 hyperref aware footnote.sty for s
phinx (JFB)
\FNH@notes=\box57
\FNH@width=\dimen169
)
(/usr/share/texlive/texmf-dist/tex/latex/float/float.sty
Package: float 2001/11/08 v1.3d Float enhancements (AL)
\c@float@type=\count282
\float@exts=\toks24
\float@box=\box58
\@float@everytoks=\toks25
\@floatcapt=\box59
)
(/usr/share/texlive/texmf-dist/tex/latex/wrapfig/wrapfig.sty
\wrapoverhang=\dimen170
\WF@size=\dimen171
\c@WF@wrappedlines=\count283
\WF@box=\box60
\WF@everypar=\toks26
Package: wrapfig 2003/01/31  v 3.6
)
(/usr/share/texlive/texmf-dist/tex/latex/parskip/parskip.sty
Rollback for package 'parskip' requested -> version 'v1'.
         This corresponds to the release introduced on 2001-04-09.

(/usr/share/texlive/texmf-dist/tex/latex/parskip/parskip-2001-04-09.sty
Package: parskip 2001/04/09 non-zero parskip adjustments
))
(/usr/share/texlive/texmf-dist/tex/latex/base/alltt.sty
Package: alltt 1997/06/16 v2.0g defines alltt environment
)
(/usr/share/texlive/texmf-dist/tex/latex/upquote/upquote.sty
Package: upquote 2012/04/19 v1.3 upright-quote and grave-accent glyphs in verba
tim
)
(/usr/share/texlive/texmf-dist/tex/latex/capt-of/capt-of.sty
Package: capt-of 2009/12/29 v0.2 standard captions outside of floats
)
(/usr/share/texlive/texmf-dist/tex/latex/needspace/needspace.sty
Package: needspace 2010/09/12 v1.3d reserve vertical space
)
(./sphinxhighlight.sty
Package: sphinxhighlight 2016/05/29 stylesheet for highlighting with pygments
)
(/usr/share/texlive/texmf-dist/tex/latex/kvoptions/kvoptions.sty
Package: kvoptions 2019/11/29 v3.13 Key value format for package options (HO)

(/usr/share/texlive/texmf-dist/tex/generic/kvsetkeys/kvsetkeys.sty
Package: kvsetkeys 2019/12/15 v1.18 Key value parser (HO)
))
\sphinxverbatimsep=\dimen172
\sphinxverbatimborder=\dimen173
\sphinxshadowsep=\dimen174
\sphinxshadowsize=\dimen175
\sphinxshadowrule=\dimen176
\spx@notice@border=\dimen177
\spx@image@maxheight=\dimen178
\spx@image@box=\dimen179
\c@literalblock=\count284
\sphinxcontinuationbox=\box61
\sphinxvisiblespacebox=\box62
\sphinxVerbatim@TitleBox=\box63
\sphinxVerbatim@ContentsBox=\box64
\py@argswidth=\skip77
\lineblockindentation=\skip78
\DUlineblockindent=\skip79
)
(/usr/share/texlive/texmf-dist/tex/latex/geometry/geometry.sty
Package: geometry 2020/01/02 v5.9 Page Geometry

(/usr/share/texlive/texmf-dist/tex/generic/iftex/ifvtex.sty
Package: ifvtex 2019/10/25 v1.7 ifvtex legacy package. Use iftex instead.
)
\Gm@cnth=\count285
\Gm@cntv=\count286
\c@Gm@tempcnt=\count287
\Gm@bindingoffset=\dimen180
\Gm@wd@mp=\dimen181
\Gm@odd@mp=\dimen182
\Gm@even@mp=\dimen183
\Gm@layoutwidth=\dimen184
\Gm@layoutheight=\dimen185
\Gm@layouthoffset=\dimen186
\Gm@layoutvoffset=\dimen187
\Gm@dimlist=\toks27
)
(/usr/share/texlive/texmf-dist/tex/latex/hyperref/hyperref.sty
Package: hyperref 2020/01/14 v7.00d Hypertext links for LaTeX

(/usr/share/texlive/texmf-dist/tex/latex/pdftexcmds/pdftexcmds.sty
Package: pdftexcmds 2019/11/24 v0.31 Utility functions of pdfTeX for LuaTeX (HO
)

(/usr/share/texlive/texmf-dist/tex/generic/infwarerr/infwarerr.sty
Package: infwarerr 2019/12/03 v1.5 Providing info/warning/error messages (HO)
)
Package pdftexcmds Info: \pdf@primitive is available.
Package pdftexcmds Info: \pdf@ifprimitive is available.
Package pdftexcmds Info: \pdfdraftmode not found.
)
(/usr/share/texlive/texmf-dist/tex/generic/kvdefinekeys/kvdefinekeys.sty
Package: kvdefinekeys 2019-12-19 v1.6 Define keys (HO)
)
(/usr/share/texlive/texmf-dist/tex/generic/pdfescape/pdfescape.sty
Package: pdfescape 2019/12/09 v1.15 Implements pdfTeX's escape features (HO)
)
(/usr/share/texlive/texmf-dist/tex/latex/hycolor/hycolor.sty
Package: hycolor 2020-01-27 v1.10 Color options for hyperref/bookmark (HO)
)
(/usr/share/texlive/texmf-dist/tex/latex/letltxmacro/letltxmacro.sty
Package: letltxmacro 2019/12/03 v1.6 Let assignment for LaTeX macros (HO)
)
(/usr/share/texlive/texmf-dist/tex/latex/auxhook/auxhook.sty
Package: auxhook 2019-12-17 v1.6 Hooks for auxiliary files (HO)
)
\@linkdim=\dimen188
\Hy@linkcounter=\count288
\Hy@pagecounter=\count289

(/usr/share/texlive/texmf-dist/tex/latex/hyperref/pd1enc.def
File: pd1enc.def 2020/01/14 v7.00d Hyperref: PDFDocEncoding definition (HO)
)
(/usr/share/texlive/texmf-dist/tex/generic/intcalc/intcalc.sty
Package: intcalc 2019/12/15 v1.3 Expandable calculations with integers (HO)
)
(/usr/share/texlive/texmf-dist/tex/generic/etexcmds/etexcmds.sty
Package: etexcmds 2019/12/15 v1.7 Avoid name clashes with e-TeX commands (HO)
)
\Hy@SavedSpaceFactor=\count290
Package hyperref Info: Option `hyperindex' set `false' on input line 4421.
Package hyperref Info: Option `unicode' set `true' on input line 4421.

(/usr/share/texlive/texmf-dist/tex/latex/hyperref/puenc.def
File: puenc.def 2020/01/14 v7.00d Hyperref: PDF Unicode definition (HO)
)
Package hyperref Info: Option `colorlinks' set `true' on input line 4421.
Package hyperref Info: Option `breaklinks' set `true' on input line 4421.
Package hyperref Info: Hyper figures OFF on input line 4547.
Package hyperref Info: Link nesting OFF on input line 4552.
Package hyperref Info: Hyper index OFF on input line 4557.
Package hyperref Info: Plain pages OFF on input line 4562.
Package hyperref Info: Backreferencing OFF on input line 4567.
Package hyperref Info: Implicit mode ON; LaTeX internals redefined.
Package hyperref Info: Bookmarks ON on input line 4800.
\c@Hy@tempcnt=\count291

(/usr/share/texlive/texmf-dist/tex/latex/url/url.sty
\Urlmuskip=\muskip17
Package: url 2013/09/16  ver 3.4  Verb mode for urls, etc.
)
LaTeX Info: Redefining \url on input line 5159.
\XeTeXLinkMargin=\dimen189

(/usr/share/texlive/texmf-dist/tex/generic/bitset/bitset.sty
Package: bitset 2019/12/09 v1.3 Handle bit-vector datatype (HO)

(/usr/share/texlive/texmf-dist/tex/generic/bigintcalc/bigintcalc.sty
Package: bigintcalc 2019/12/15 v1.5 Expandable calculations on big integers (HO
)
))
\Fld@menulength=\count292
\Field@Width=\dimen190
\Fld@charsize=\dimen191
Package hyperref Info: Hyper figures OFF on input line 6430.
Package hyperref Info: Link nesting OFF on input line 6435.
Package hyperref Info: Hyper index OFF on input line 6440.
Package hyperref Info: backreferencing OFF on input line 6445.
Package hyperref Info: Link coloring ON on input line 6448.
Package hyperref Info: Link coloring with OCG OFF on input line 6455.
Package hyperref Info: PDF/A mode OFF on input line 6460.
LaTeX Info: Redefining \ref on input line 6500.
LaTeX Info: Redefining \pageref on input line 6504.

(/usr/share/texlive/texmf-dist/tex/generic/atbegshi/atbegshi.sty
Package: atbegshi 2019/12/05 v1.19 At begin shipout hook (HO)
)
\Hy@abspage=\count293
\c@Item=\count294
\c@Hfootnote=\count295
)
Package hyperref Info: Driver (autodetected): hxetex.

(/usr/share/texlive/texmf-dist/tex/latex/hyperref/hxetex.def
File: hxetex.def 2020/01/14 v7.00d Hyperref driver for XeTeX

(/usr/share/texlive/texmf-dist/tex/generic/stringenc/stringenc.sty
Package: stringenc 2019/11/29 v1.12 Convert strings between diff. encodings (HO
)
)
\pdfm@box=\box65
\c@Hy@AnnotLevel=\count296
\HyField@AnnotCount=\count297
\Fld@listcount=\count298
\c@bookmark@seq@number=\count299

(/usr/share/texlive/texmf-dist/tex/latex/rerunfilecheck/rerunfilecheck.sty
Package: rerunfilecheck 2019/12/05 v1.9 Rerun checks for auxiliary files (HO)

(/usr/share/texlive/texmf-dist/tex/latex/atveryend/atveryend.sty
Package: atveryend 2019-12-11 v1.11 Hooks at the very end of document (HO)
)
(/usr/share/texlive/texmf-dist/tex/generic/uniquecounter/uniquecounter.sty
Package: uniquecounter 2019/12/15 v1.4 Provide unlimited unique counter (HO)
)
Package uniquecounter Info: New unique counter `rerunfilecheck' on input line 2
86.
)
\Hy@SectionHShift=\skip80
)
(/usr/share/texlive/texmf-dist/tex/latex/oberdiek/hypcap.sty
Package: hypcap 2016/05/16 v1.12 Adjusting the anchors of captions (HO)
)
(./sphinxmessages.sty
Package: sphinxmessages 2019/01/04 v2.0 Localized LaTeX macros (Sphinx team)
)
\@indexfile=\write4
\openout4 = `fossgis.idx'.


Writing index file fossgis.idx
(./fossgis.aux
LaTeX Info: Redefining \rmfamily on input line 19.
LaTeX Info: Redefining \sffamily on input line 19.
LaTeX Info: Redefining \ttfamily on input line 19.
)
\openout1 = `fossgis.aux'.

LaTeX Font Info:    Checking defaults for OML/cmm/m/it on input line 73.
LaTeX Font Info:    ... okay on input line 73.
LaTeX Font Info:    Checking defaults for OMS/cmsy/m/n on input line 73.
LaTeX Font Info:    ... okay on input line 73.
LaTeX Font Info:    Checking defaults for OT1/cmr/m/n on input line 73.
LaTeX Font Info:    ... okay on input line 73.
LaTeX Font Info:    Checking defaults for T1/cmr/m/n on input line 73.
LaTeX Font Info:    ... okay on input line 73.
LaTeX Font Info:    Checking defaults for TS1/cmr/m/n on input line 73.
LaTeX Font Info:    Trying to load font information for TS1+cmr on input line 7
3.
 (/usr/share/texlive/texmf-dist/tex/latex/base/ts1cmr.fd
File: ts1cmr.fd 2019/12/16 v2.5j Standard LaTeX font definitions
)
LaTeX Font Info:    ... okay on input line 73.
LaTeX Font Info:    Checking defaults for TU/lmr/m/n on input line 73.
LaTeX Font Info:    ... okay on input line 73.
LaTeX Font Info:    Checking defaults for OMX/cmex/m/n on input line 73.
LaTeX Font Info:    ... okay on input line 73.
LaTeX Font Info:    Checking defaults for U/cmr/m/n on input line 73.
LaTeX Font Info:    ... okay on input line 73.
LaTeX Font Info:    Checking defaults for PD1/pdf/m/n on input line 73.
LaTeX Font Info:    ... okay on input line 73.
LaTeX Font Info:    Checking defaults for PU/pdf/m/n on input line 73.
LaTeX Font Info:    ... okay on input line 73.

Package fontspec Info: Adjusting the maths setup (use [no-math] to avoid
(fontspec)             this).

\symlegacymaths=\mathgroup6
LaTeX Font Info:    Overwriting symbol font `legacymaths' in version `bold'
(Font)                  OT1/cmr/m/n --> OT1/cmr/bx/n on input line 73.
LaTeX Font Info:    Redeclaring math accent \acute on input line 73.
LaTeX Font Info:    Redeclaring math accent \grave on input line 73.
LaTeX Font Info:    Redeclaring math accent \ddot on input line 73.
LaTeX Font Info:    Redeclaring math accent \tilde on input line 73.
LaTeX Font Info:    Redeclaring math accent \bar on input line 73.
LaTeX Font Info:    Redeclaring math accent \breve on input line 73.
LaTeX Font Info:    Redeclaring math accent \check on input line 73.
LaTeX Font Info:    Redeclaring math accent \hat on input line 73.
LaTeX Font Info:    Redeclaring math accent \dot on input line 73.
LaTeX Font Info:    Redeclaring math accent \mathring on input line 73.
LaTeX Font Info:    Redeclaring math symbol \Gamma on input line 73.
LaTeX Font Info:    Redeclaring math symbol \Delta on input line 73.
LaTeX Font Info:    Redeclaring math symbol \Theta on input line 73.
LaTeX Font Info:    Redeclaring math symbol \Lambda on input line 73.
LaTeX Font Info:    Redeclaring math symbol \Xi on input line 73.
LaTeX Font Info:    Redeclaring math symbol \Pi on input line 73.
LaTeX Font Info:    Redeclaring math symbol \Sigma on input line 73.
LaTeX Font Info:    Redeclaring math symbol \Upsilon on input line 73.
LaTeX Font Info:    Redeclaring math symbol \Phi on input line 73.
LaTeX Font Info:    Redeclaring math symbol \Psi on input line 73.
LaTeX Font Info:    Redeclaring math symbol \Omega on input line 73.
LaTeX Font Info:    Redeclaring math symbol \mathdollar on input line 73.
LaTeX Font Info:    Redeclaring symbol font `operators' on input line 73.
LaTeX Font Info:    Encoding `OT1' has changed to `TU' for symbol font
(Font)              `operators' in the math version `normal' on input line 73.
LaTeX Font Info:    Overwriting symbol font `operators' in version `normal'
(Font)                  OT1/cmr/m/n --> TU/FreeSerif(0)/m/n on input line 73.
LaTeX Font Info:    Encoding `OT1' has changed to `TU' for symbol font
(Font)              `operators' in the math version `bold' on input line 73.
LaTeX Font Info:    Overwriting symbol font `operators' in version `bold'
(Font)                  OT1/cmr/bx/n --> TU/FreeSerif(0)/m/n on input line 73.
LaTeX Font Info:    Overwriting symbol font `operators' in version `normal'
(Font)                  TU/FreeSerif(0)/m/n --> TU/FreeSerif(0)/m/n on input li
ne 73.
LaTeX Font Info:    Overwriting math alphabet `\mathit' in version `normal'
(Font)                  OT1/cmr/m/it --> TU/FreeSerif(0)/m/it on input line 73.

LaTeX Font Info:    Overwriting math alphabet `\mathbf' in version `normal'
(Font)                  OT1/cmr/bx/n --> TU/FreeSerif(0)/b/n on input line 73.
LaTeX Font Info:    Overwriting math alphabet `\mathsf' in version `normal'
(Font)                  OT1/cmss/m/n --> TU/FreeSans(0)/m/n on input line 73.
LaTeX Font Info:    Overwriting math alphabet `\mathtt' in version `normal'
(Font)                  OT1/cmtt/m/n --> TU/FreeMono(0)/m/n on input line 73.
LaTeX Font Info:    Overwriting symbol font `operators' in version `bold'
(Font)                  TU/FreeSerif(0)/m/n --> TU/FreeSerif(0)/b/n on input li
ne 73.
LaTeX Font Info:    Overwriting math alphabet `\mathit' in version `bold'
(Font)                  OT1/cmr/bx/it --> TU/FreeSerif(0)/b/it on input line 73
.
LaTeX Font Info:    Overwriting math alphabet `\mathsf' in version `bold'
(Font)                  OT1/cmss/bx/n --> TU/FreeSans(0)/b/n on input line 73.
LaTeX Font Info:    Overwriting math alphabet `\mathtt' in version `bold'
(Font)                  OT1/cmtt/m/n --> TU/FreeMono(0)/b/n on input line 73.

*geometry* driver: auto-detecting
*geometry* detected driver: xetex
*geometry* verbose mode - [ preamble ] result:
* driver: xetex
* paper: letterpaper
* layout: <same size as paper>
* layoutoffset:(h,v)=(0.0pt,0.0pt)
* modes: twoside 
* h-part:(L,W,R)=(72.26999pt, 469.75502pt, 72.26999pt)
* v-part:(T,H,B)=(72.26999pt, 650.43001pt, 72.26999pt)
* \paperwidth=614.295pt
* \paperheight=794.96999pt
* \textwidth=469.75502pt
* \textheight=650.43001pt
* \oddsidemargin=0.0pt
* \evensidemargin=0.0pt
* \topmargin=-37.0pt
* \headheight=12.0pt
* \headsep=25.0pt
* \topskip=10.0pt
* \footskip=30.0pt
* \marginparwidth=36.135pt
* \marginparsep=11.0pt
* \columnsep=10.0pt
* \skip\footins=9.0pt plus 4.0pt minus 2.0pt
* \hoffset=0.0pt
* \voffset=0.0pt
* \mag=1000
* \@twocolumnfalse
* \@twosidetrue
* \@mparswitchtrue
* \@reversemarginfalse
* (1in=72.27pt=25.4mm, 1cm=28.453pt)

\AtBeginShipoutBox=\box66
Package hyperref Info: Link coloring ON on input line 73.
(/usr/share/texlive/texmf-dist/tex/latex/hyperref/nameref.sty
Package: nameref 2019/09/16 v2.46 Cross-referencing by name of section

(/usr/share/texlive/texmf-dist/tex/latex/refcount/refcount.sty
Package: refcount 2019/12/15 v3.6 Data extraction from label references (HO)
)
(/usr/share/texlive/texmf-dist/tex/generic/gettitlestring/gettitlestring.sty
Package: gettitlestring 2019/12/15 v1.6 Cleanup title references (HO)
)
\c@section@level=\count300
)
LaTeX Info: Redefining \ref on input line 73.
LaTeX Info: Redefining \pageref on input line 73.
LaTeX Info: Redefining \nameref on input line 73.

(./fossgis.out) (./fossgis.out)
\@outlinefile=\write5
\openout5 = `fossgis.out'.

LaTeX Info: Redefining \rmfamily on input line 73.
LaTeX Info: Redefining \sffamily on input line 73.
LaTeX Info: Redefining \ttfamily on input line 73.
Package hyperref Info: Option `pageanchor' set `false' on input line 76.
LaTeX Font Info:    Trying to load font information for U+msa on input line 76.


(/usr/share/texlive/texmf-dist/tex/latex/amsfonts/umsa.fd
File: umsa.fd 2013/01/14 v3.01 AMS symbols A
)
LaTeX Font Info:    Trying to load font information for U+msb on input line 76.


(/usr/share/texlive/texmf-dist/tex/latex/amsfonts/umsb.fd
File: umsb.fd 2013/01/14 v3.01 AMS symbols B
) [1

] [2


]
(./fossgis.toc
LaTeX Info: Redefining \rmfamily on input line 1.
LaTeX Info: Redefining \sffamily on input line 1.
LaTeX Info: Redefining \ttfamily on input line 1.
)
\tf@toc=\write6
\openout6 = `fossgis.toc'.

 [1

] [2

]
LaTeX Info: Redefining \rmfamily on input line 270.
LaTeX Info: Redefining \sffamily on input line 270.
LaTeX Info: Redefining \ttfamily on input line 270.
 [1]
LaTeX Info: Redefining \rmfamily on input line 275.
LaTeX Info: Redefining \sffamily on input line 275.
LaTeX Info: Redefining \ttfamily on input line 275.
 [2]
Chapter 1.
File: 2020-12-01-22-47-51.png Graphic file (type bmp)
<2020-12-01-22-47-51.png>
File: 2020-12-01-23-05-51.png Graphic file (type bmp)
<2020-12-01-23-05-51.png>
[3

]
LaTeX Info: Redefining \rmfamily on input line 328.
LaTeX Info: Redefining \sffamily on input line 328.
LaTeX Info: Redefining \ttfamily on input line 328.
 [4]
File: 2020-12-01-23-31-58.png Graphic file (type bmp)
<2020-12-01-23-31-58.png>
LaTeX Info: Redefining \rmfamily on input line 350.
LaTeX Info: Redefining \sffamily on input line 350.
LaTeX Info: Redefining \ttfamily on input line 350.
 [5]
File: 2020-12-01-23-47-59.png Graphic file (type bmp)
<2020-12-01-23-47-59.png>
LaTeX Info: Redefining \rmfamily on input line 357.
LaTeX Info: Redefining \sffamily on input line 357.
LaTeX Info: Redefining \ttfamily on input line 357.
 [6]
File: 2020-12-02-00-10-11.png Graphic file (type bmp)
<2020-12-02-00-10-11.png>
File: 2020-12-02-00-08-54.png Graphic file (type bmp)
<2020-12-02-00-08-54.png>

Underfull \hbox (badness 10000) in paragraph at lines 368--370
\TU/FreeSerif(0)/m/n/10 Bagi pengguna yang baru saja ingin migrasi dari Windows
 dan mencoba antarmuka
 []


Underfull \hbox (badness 10000) in paragraph at lines 368--370
\TU/FreeSerif(0)/m/n/10 Linux Desktop, [][]Linuxmint[][] merupakan pilihan yang
 sesuai. Desain antarmukanya dibuat
 []


Underfull \hbox (badness 10000) in paragraph at lines 368--370
\TU/FreeSerif(0)/m/n/10 sedemikian rupa untuk memudahkan pengguna pemula yang i
ngin mencoba Linux.
 []

LaTeX Info: Redefining \rmfamily on input line 372.
LaTeX Info: Redefining \sffamily on input line 372.
LaTeX Info: Redefining \ttfamily on input line 372.
[7]
File: 2020-12-02-00-08-08.png Graphic file (type bmp)
<2020-12-02-00-08-08.png>
LaTeX Info: Redefining \rmfamily on input line 379.
LaTeX Info: Redefining \sffamily on input line 379.
LaTeX Info: Redefining \ttfamily on input line 379.
 [8]
File: 2020-12-02-00-11-43.png Graphic file (type bmp)
<2020-12-02-00-11-43.png>
LaTeX Info: Redefining \rmfamily on input line 386.
LaTeX Info: Redefining \sffamily on input line 386.
LaTeX Info: Redefining \ttfamily on input line 386.
 [9]
File: 2020-12-02-00-11-06.png Graphic file (type bmp)
<2020-12-02-00-11-06.png>
LaTeX Info: Redefining \rmfamily on input line 400.
LaTeX Info: Redefining \sffamily on input line 400.
LaTeX Info: Redefining \ttfamily on input line 400.
 [10]
File: 2020-12-02-00-35-17.png Graphic file (type bmp)
<2020-12-02-00-35-17.png>
File: image-20201129191425719.png Graphic file (type bmp)
<image-20201129191425719.png>
LaTeX Info: Redefining \rmfamily on input line 421.
LaTeX Info: Redefining \sffamily on input line 421.
LaTeX Info: Redefining \ttfamily on input line 421.
 [11]
File: 2020-12-02-00-26-50.png Graphic file (type bmp)
<2020-12-02-00-26-50.png>
LaTeX Info: Redefining \rmfamily on input line 448.
LaTeX Info: Redefining \sffamily on input line 448.
LaTeX Info: Redefining \ttfamily on input line 448.
 [12]
File: 2020-12-02-00-27-16.png Graphic file (type bmp)
<2020-12-02-00-27-16.png>
File: 2020-12-02-00-27-37.png Graphic file (type bmp)
<2020-12-02-00-27-37.png>
LaTeX Info: Redefining \rmfamily on input line 484.
LaTeX Info: Redefining \sffamily on input line 484.
LaTeX Info: Redefining \ttfamily on input line 484.
 [13]
File: 2020-12-02-00-28-08.png Graphic file (type bmp)
<2020-12-02-00-28-08.png>
LaTeX Info: Redefining \rmfamily on input line 532.
LaTeX Info: Redefining \sffamily on input line 532.
LaTeX Info: Redefining \ttfamily on input line 532.
 [14]
File: 2020-12-02-00-28-23.png Graphic file (type bmp)
<2020-12-02-00-28-23.png>

Overfull \hbox (1.66667pt too wide) in paragraph at lines 534--535
[] [] 
 []

LaTeX Info: Redefining \rmfamily on input line 536.
LaTeX Info: Redefining \sffamily on input line 536.
LaTeX Info: Redefining \ttfamily on input line 536.
[15]
File: 2020-12-02-00-29-10.png Graphic file (type bmp)
<2020-12-02-00-29-10.png>
LaTeX Info: Redefining \rmfamily on input line 547.
LaTeX Info: Redefining \sffamily on input line 547.
LaTeX Info: Redefining \ttfamily on input line 547.
 [16]
File: 2020-12-02-00-29-18.png Graphic file (type bmp)
<2020-12-02-00-29-18.png>
File: 2020-12-02-00-29-29.png Graphic file (type bmp)
<2020-12-02-00-29-29.png>
LaTeX Info: Redefining \rmfamily on input line 562.
LaTeX Info: Redefining \sffamily on input line 562.
LaTeX Info: Redefining \ttfamily on input line 562.
 [17]
File: 2020-12-02-00-29-36.png Graphic file (type bmp)
<2020-12-02-00-29-36.png>
File: 2020-12-02-00-29-45.png Graphic file (type bmp)
<2020-12-02-00-29-45.png>
File: 2020-12-02-00-29-53.png Graphic file (type bmp)
<2020-12-02-00-29-53.png>
LaTeX Info: Redefining \rmfamily on input line 578.
LaTeX Info: Redefining \sffamily on input line 578.
LaTeX Info: Redefining \ttfamily on input line 578.
 [18]
File: 2020-12-02-00-30-07.png Graphic file (type bmp)
<2020-12-02-00-30-07.png>
File: 2020-12-02-00-30-17.png Graphic file (type bmp)
<2020-12-02-00-30-17.png>
File: 2020-12-02-00-30-27.png Graphic file (type bmp)
<2020-12-02-00-30-27.png>
LaTeX Info: Redefining \rmfamily on input line 599.
LaTeX Info: Redefining \sffamily on input line 599.
LaTeX Info: Redefining \ttfamily on input line 599.
 [19]
LaTeX Info: Redefining \rmfamily on input line 622.
LaTeX Info: Redefining \sffamily on input line 622.
LaTeX Info: Redefining \ttfamily on input line 622.
 [20]
File: 2020-12-02-02-49-33.png Graphic file (type bmp)
<2020-12-02-02-49-33.png>
LaTeX Info: Redefining \rmfamily on input line 641.
LaTeX Info: Redefining \sffamily on input line 641.
LaTeX Info: Redefining \ttfamily on input line 641.
 [21]
File: 2020-12-02-03-10-30.png Graphic file (type bmp)
<2020-12-02-03-10-30.png>
LaTeX Info: Redefining \rmfamily on input line 679.
LaTeX Info: Redefining \sffamily on input line 679.
LaTeX Info: Redefining \ttfamily on input line 679.
 [22]
LaTeX Info: Redefining \rmfamily on input line 780.
LaTeX Info: Redefining \sffamily on input line 780.
LaTeX Info: Redefining \ttfamily on input line 780.
 [23]
File: 2020-12-02-04-08-05.png Graphic file (type bmp)
<2020-12-02-04-08-05.png>
File: 2020-12-02-04-35-50.png Graphic file (type bmp)
<2020-12-02-04-35-50.png>
LaTeX Info: Redefining \rmfamily on input line 796.
LaTeX Info: Redefining \sffamily on input line 796.
LaTeX Info: Redefining \ttfamily on input line 796.
 [24]
File: 2020-12-02-05-10-13.png Graphic file (type bmp)
<2020-12-02-05-10-13.png>
LaTeX Info: Redefining \rmfamily on input line 850.
LaTeX Info: Redefining \sffamily on input line 850.
LaTeX Info: Redefining \ttfamily on input line 850.
 [25]
File: 2020-12-07-11-00-11.png Graphic file (type bmp)
<2020-12-07-11-00-11.png>

Underfull \hbox (badness 10000) in paragraph at lines 909--912

 []

File: 2020-12-02-05-08-58.png Graphic file (type bmp)
<2020-12-02-05-08-58.png>
LaTeX Info: Redefining \rmfamily on input line 918.
LaTeX Info: Redefining \sffamily on input line 918.
LaTeX Info: Redefining \ttfamily on input line 918.
[26]
File: 2020-12-02-05-01-36.png Graphic file (type bmp)
<2020-12-02-05-01-36.png>
LaTeX Info: Redefining \rmfamily on input line 975.
LaTeX Info: Redefining \sffamily on input line 975.
LaTeX Info: Redefining \ttfamily on input line 975.
 [27]
File: 2020-12-02-05-21-44.png Graphic file (type bmp)
<2020-12-02-05-21-44.png>
File: 2020-12-02-05-29-52.png Graphic file (type bmp)
<2020-12-02-05-29-52.png>
LaTeX Info: Redefining \rmfamily on input line 998.
LaTeX Info: Redefining \sffamily on input line 998.
LaTeX Info: Redefining \ttfamily on input line 998.
 [28]
File: 2020-12-03-02-08-32.png Graphic file (type bmp)
<2020-12-03-02-08-32.png>
File: 2020-12-02-05-36-00.png Graphic file (type bmp)
<2020-12-02-05-36-00.png>
LaTeX Info: Redefining \rmfamily on input line 1032.
LaTeX Info: Redefining \sffamily on input line 1032.
LaTeX Info: Redefining \ttfamily on input line 1032.
 [29]
LaTeX Info: Redefining \rmfamily on input line 1084.
LaTeX Info: Redefining \sffamily on input line 1084.
LaTeX Info: Redefining \ttfamily on input line 1084.
 [30]
File: 2020-12-02-05-41-38.png Graphic file (type bmp)
<2020-12-02-05-41-38.png>
LaTeX Info: Redefining \rmfamily on input line 1147.
LaTeX Info: Redefining \sffamily on input line 1147.
LaTeX Info: Redefining \ttfamily on input line 1147.
 [31]
LaTeX Info: Redefining \rmfamily on input line 1236.
LaTeX Info: Redefining \sffamily on input line 1236.
LaTeX Info: Redefining \ttfamily on input line 1236.
 [32]
File: 2020-12-02-08-39-09.png Graphic file (type bmp)
<2020-12-02-08-39-09.png>
File: 2020-12-03-02-33-45.png Graphic file (type bmp)
<2020-12-03-02-33-45.png>
LaTeX Info: Redefining \rmfamily on input line 1318.
LaTeX Info: Redefining \sffamily on input line 1318.
LaTeX Info: Redefining \ttfamily on input line 1318.
 [33]
LaTeX Info: Redefining \rmfamily on input line 1318.
LaTeX Info: Redefining \sffamily on input line 1318.
LaTeX Info: Redefining \ttfamily on input line 1318.
 [34]
LaTeX Info: Redefining \rmfamily on input line 1382.
LaTeX Info: Redefining \sffamily on input line 1382.
LaTeX Info: Redefining \ttfamily on input line 1382.
 [35]
File: 2020-12-03-03-02-24.png Graphic file (type bmp)
<2020-12-03-03-02-24.png>
File: 2020-12-02-12-12-30.png Graphic file (type bmp)
<2020-12-02-12-12-30.png>
LaTeX Info: Redefining \rmfamily on input line 1433.
LaTeX Info: Redefining \sffamily on input line 1433.
LaTeX Info: Redefining \ttfamily on input line 1433.
 [36]
LaTeX Info: Redefining \rmfamily on input line 1433.
LaTeX Info: Redefining \sffamily on input line 1433.
LaTeX Info: Redefining \ttfamily on input line 1433.
 [37]
File: 2020-12-02-10-56-11.png Graphic file (type bmp)
<2020-12-02-10-56-11.png>

Underfull \hbox (badness 10000) in paragraph at lines 1496--1498
[]\TU/FreeSerif(0)/m/n/10 Apabila status menunjukkan ‘running’, artinya webserv
er Apache sudah berhasil dijalankan
 []

LaTeX Info: Redefining \rmfamily on input line 1504.
LaTeX Info: Redefining \sffamily on input line 1504.
LaTeX Info: Redefining \ttfamily on input line 1504.
[38]
File: 2020-12-02-10-57-55.png Graphic file (type bmp)
<2020-12-02-10-57-55.png>
File: 2020-12-07-11-38-03.png Graphic file (type bmp)
<2020-12-07-11-38-03.png>
LaTeX Info: Redefining \rmfamily on input line 1520.
LaTeX Info: Redefining \sffamily on input line 1520.
LaTeX Info: Redefining \ttfamily on input line 1520.
 [39]
File: 2020-12-02-12-38-31.png Graphic file (type bmp)
<2020-12-02-12-38-31.png>
LaTeX Info: Redefining \rmfamily on input line 1578.
LaTeX Info: Redefining \sffamily on input line 1578.
LaTeX Info: Redefining \ttfamily on input line 1578.
 [40]
LaTeX Info: Redefining \rmfamily on input line 1653.
LaTeX Info: Redefining \sffamily on input line 1653.
LaTeX Info: Redefining \ttfamily on input line 1653.
 [41]
File: 2020-12-03-05-06-39.png Graphic file (type bmp)
<2020-12-03-05-06-39.png>
LaTeX Info: Redefining \rmfamily on input line 1719.
LaTeX Info: Redefining \sffamily on input line 1719.
LaTeX Info: Redefining \ttfamily on input line 1719.
 [42]
LaTeX Info: Redefining \rmfamily on input line 1766.
LaTeX Info: Redefining \sffamily on input line 1766.
LaTeX Info: Redefining \ttfamily on input line 1766.
 [43]
File: 2020-12-07-13-34-29.png Graphic file (type bmp)
<2020-12-07-13-34-29.png>
LaTeX Info: Redefining \rmfamily on input line 1810.
LaTeX Info: Redefining \sffamily on input line 1810.
LaTeX Info: Redefining \ttfamily on input line 1810.
 [44]
LaTeX Info: Redefining \rmfamily on input line 1810.
LaTeX Info: Redefining \sffamily on input line 1810.
LaTeX Info: Redefining \ttfamily on input line 1810.
 [45]
File: 2020-12-02-05-54-51.png Graphic file (type bmp)
<2020-12-02-05-54-51.png>
LaTeX Info: Redefining \rmfamily on input line 1858.
LaTeX Info: Redefining \sffamily on input line 1858.
LaTeX Info: Redefining \ttfamily on input line 1858.
 [46]
LaTeX Info: Redefining \rmfamily on input line 1858.
LaTeX Info: Redefining \sffamily on input line 1858.
LaTeX Info: Redefining \ttfamily on input line 1858.
 [47]
File: 2020-12-07-14-20-24.png Graphic file (type bmp)
<2020-12-07-14-20-24.png>
LaTeX Info: Redefining \rmfamily on input line 1926.
LaTeX Info: Redefining \sffamily on input line 1926.
LaTeX Info: Redefining \ttfamily on input line 1926.
 [48]
LaTeX Info: Redefining \rmfamily on input line 1960.
LaTeX Info: Redefining \sffamily on input line 1960.
LaTeX Info: Redefining \ttfamily on input line 1960.
 [49]
File: 2020-12-07-17-26-53.png Graphic file (type bmp)
<2020-12-07-17-26-53.png>
File: 2020-12-07-18-08-59.png Graphic file (type bmp)
<2020-12-07-18-08-59.png>
LaTeX Info: Redefining \rmfamily on input line 1983.
LaTeX Info: Redefining \sffamily on input line 1983.
LaTeX Info: Redefining \ttfamily on input line 1983.
 [50]
File: 2020-12-07-18-28-16.png Graphic file (type bmp)
<2020-12-07-18-28-16.png>
File: 2020-12-07-19-55-11.png Graphic file (type bmp)
<2020-12-07-19-55-11.png>
LaTeX Info: Redefining \rmfamily on input line 2011.
LaTeX Info: Redefining \sffamily on input line 2011.
LaTeX Info: Redefining \ttfamily on input line 2011.
 [51]
Overfull \vbox (58.3013pt too high) has occurred while \output is active []

LaTeX Info: Redefining \rmfamily on input line 2011.
LaTeX Info: Redefining \sffamily on input line 2011.
LaTeX Info: Redefining \ttfamily on input line 2011.

[52]
File: 2020-12-07-20-26-38.png Graphic file (type bmp)
<2020-12-07-20-26-38.png>
File: 2020-12-07-18-26-15.png Graphic file (type bmp)
<2020-12-07-18-26-15.png>

Underfull \hbox (badness 10000) in paragraph at lines 2017--2019
[]\TU/FreeSerif(0)/m/n/10 Tunggu sampai GRUB (Boot Manager Linux) memanggil OSG
eo. Setelah selesai, Linux
 []


Underfull \hbox (badness 10000) in paragraph at lines 2017--2019
\TU/FreeSerif(0)/m/n/10 akan dimulai. Gunakan OSGeo Live seperti menggunakan si
stem operasi seperti biasa
 []

LaTeX Info: Redefining \rmfamily on input line 2023.
LaTeX Info: Redefining \sffamily on input line 2023.
LaTeX Info: Redefining \ttfamily on input line 2023.
[53]
File: 2020-12-07-13-09-54.png Graphic file (type bmp)
<2020-12-07-13-09-54.png>
LaTeX Info: Redefining \rmfamily on input line 2043.
LaTeX Info: Redefining \sffamily on input line 2043.
LaTeX Info: Redefining \ttfamily on input line 2043.
 [54]
Chapter 2.
File: 2020-12-03-08-07-09.png Graphic file (type bmp)
<2020-12-03-08-07-09.png>
File: 2020-12-03-08-07-21.png Graphic file (type bmp)
<2020-12-03-08-07-21.png>
[55

]
LaTeX Info: Redefining \rmfamily on input line 2076.
LaTeX Info: Redefining \sffamily on input line 2076.
LaTeX Info: Redefining \ttfamily on input line 2076.
 [56]
LaTeX Info: Redefining \rmfamily on input line 2084.
LaTeX Info: Redefining \sffamily on input line 2084.
LaTeX Info: Redefining \ttfamily on input line 2084.
 [57]
File: 2020-12-03-06-57-27.png Graphic file (type bmp)
<2020-12-03-06-57-27.png>
LaTeX Info: Redefining \rmfamily on input line 2144.
LaTeX Info: Redefining \sffamily on input line 2144.
LaTeX Info: Redefining \ttfamily on input line 2144.
 [58]
File: 2020-12-03-08-08-58.png Graphic file (type bmp)
<2020-12-03-08-08-58.png>
File: 2020-12-07-23-39-22.png Graphic file (type bmp)
<2020-12-07-23-39-22.png>
LaTeX Info: Redefining \rmfamily on input line 2163.
LaTeX Info: Redefining \sffamily on input line 2163.
LaTeX Info: Redefining \ttfamily on input line 2163.
 [59]
File: 2020-12-03-08-10-30.png Graphic file (type bmp)
<2020-12-03-08-10-30.png>

Underfull \hbox (badness 10000) in paragraph at lines 2164--2167
[]\TU/FreeSerif(0)/b/n/10 One to Many (1 to n) \TU/FreeSerif(0)/m/n/10 Relasi d
atabase model ini membolehkan data yang sama
 []


Underfull \hbox (badness 10000) in paragraph at lines 2164--2167
\TU/FreeSerif(0)/m/n/10 pada tabel kedua, tapi hanya membolehkan data yang bers
ifat unique (unik) pada tabel
 []


Underfull \hbox (badness 10000) in paragraph at lines 2164--2167
\TU/FreeSerif(0)/m/n/10 pertama. Jadi pada model tabel kedua boleh memiliki beb
erapa data yang sama.
 []

File: 2020-12-03-08-09-58.png Graphic file (type bmp)
<2020-12-03-08-09-58.png>
File: 2020-12-03-08-11-05.png Graphic file (type bmp)
<2020-12-03-08-11-05.png>

Underfull \hbox (badness 10000) in paragraph at lines 2172--2175
[]\TU/FreeSerif(0)/b/n/10 Many to many (n to m) \TU/FreeSerif(0)/m/n/10 Berbeda
 dengan kedua model diatas, relasi database
 []


Underfull \hbox (badness 10000) in paragraph at lines 2172--2175
\TU/FreeSerif(0)/m/n/10 model ini membolehkan beberapa data yang sama baik pada
 tabel pertama maupun
 []


Underfull \hbox (badness 10000) in paragraph at lines 2172--2175
\TU/FreeSerif(0)/m/n/10 tabel kedua. Dengan demikian tidak ada unique record di
 kedua tabel tersebut.
 []

LaTeX Info: Redefining \rmfamily on input line 2176.
LaTeX Info: Redefining \sffamily on input line 2176.
LaTeX Info: Redefining \ttfamily on input line 2176.
[60]
File: 2020-12-03-08-11-15.png Graphic file (type bmp)
<2020-12-03-08-11-15.png>
File: 2020-12-08-00-41-03.png Graphic file (type bmp)
<2020-12-08-00-41-03.png>
LaTeX Info: Redefining \rmfamily on input line 2205.
LaTeX Info: Redefining \sffamily on input line 2205.
LaTeX Info: Redefining \ttfamily on input line 2205.
 [61]
File: 2020-12-03-08-18-49.png Graphic file (type bmp)
<2020-12-03-08-18-49.png>
LaTeX Info: Redefining \rmfamily on input line 2224.
LaTeX Info: Redefining \sffamily on input line 2224.
LaTeX Info: Redefining \ttfamily on input line 2224.
 [62]
LaTeX Info: Redefining \rmfamily on input line 2287.
LaTeX Info: Redefining \sffamily on input line 2287.
LaTeX Info: Redefining \ttfamily on input line 2287.
 [63]
File: 2020-12-03-08-22-22.png Graphic file (type bmp)
<2020-12-03-08-22-22.png>
File: 2020-12-03-08-23-12.png Graphic file (type bmp)
<2020-12-03-08-23-12.png>
LaTeX Info: Redefining \rmfamily on input line 2325.
LaTeX Info: Redefining \sffamily on input line 2325.
LaTeX Info: Redefining \ttfamily on input line 2325.
 [64]
File: 2020-12-08-00-54-04.png Graphic file (type bmp)
<2020-12-08-00-54-04.png>
LaTeX Info: Redefining \rmfamily on input line 2371.
LaTeX Info: Redefining \sffamily on input line 2371.
LaTeX Info: Redefining \ttfamily on input line 2371.
 [65]
File: 2020-12-03-07-21-13.png Graphic file (type bmp)
<2020-12-03-07-21-13.png>
File: 2020-12-03-07-21-29.png Graphic file (type bmp)
<2020-12-03-07-21-29.png>
File: 2020-12-03-07-21-44.png Graphic file (type bmp)
<2020-12-03-07-21-44.png>

Underfull \hbox (badness 10000) in paragraph at lines 2405--2408
[]\TU/FreeSerif(0)/b/n/10 Delete Operation \TU/FreeSerif(0)/m/n/10 Pada operasi
 penghapusan, suatu kriteria diberikan melalui Query untuk
 []

File: 2020-12-03-07-22-43.png Graphic file (type bmp)
<2020-12-03-07-22-43.png>

Overfull \hbox (232.08673pt too wide) in paragraph at lines 2411--2413
[]\TU/FreeSerif(0)/m/n/10 Operasi berikut memilih Customer dengan nama “Amazon”
 [] 
 []

LaTeX Info: Redefining \rmfamily on input line 2419.
LaTeX Info: Redefining \sffamily on input line 2419.
LaTeX Info: Redefining \ttfamily on input line 2419.
[66]
File: 2020-12-03-08-27-49.png Graphic file (type bmp)
<2020-12-03-08-27-49.png>
LaTeX Info: Redefining \rmfamily on input line 2465.
LaTeX Info: Redefining \sffamily on input line 2465.
LaTeX Info: Redefining \ttfamily on input line 2465.
 [67]
File: 2020-12-03-08-36-24.png Graphic file (type bmp)
<2020-12-03-08-36-24.png>
LaTeX Info: Redefining \rmfamily on input line 2533.
LaTeX Info: Redefining \sffamily on input line 2533.
LaTeX Info: Redefining \ttfamily on input line 2533.
 [68]
File: 2020-12-03-08-39-33.png Graphic file (type bmp)
<2020-12-03-08-39-33.png>

Underfull \hbox (badness 10000) in paragraph at lines 2545--2547
[]\TU/FreeSerif(0)/m/n/10 Image PostGIS yang dibuat oleh tim Kartoza dapat diju
mpai pada Docker Hub sebagai berikut:
 []

LaTeX Info: Redefining \rmfamily on input line 2559.
LaTeX Info: Redefining \sffamily on input line 2559.
LaTeX Info: Redefining \ttfamily on input line 2559.
[69]
File: 2020-12-03-08-54-59.png Graphic file (type bmp)
<2020-12-03-08-54-59.png>
LaTeX Info: Redefining \rmfamily on input line 2618.
LaTeX Info: Redefining \sffamily on input line 2618.
LaTeX Info: Redefining \ttfamily on input line 2618.
 [70]
File: 2020-12-03-12-40-15.png Graphic file (type bmp)
<2020-12-03-12-40-15.png>

Underfull \hbox (badness 10000) in paragraph at lines 2656--2658
[]\TU/FreeSerif(0)/m/n/10 Dengan menggunakan \TU/FreeSerif(0)/b/n/10 nano\TU/Fr
eeSerif(0)/m/n/10 , lakukan editing pada file \TU/FreeMono(0)/m/n/10 pg_hba.con
f\TU/FreeSerif(0)/m/n/10 . Ubah \TU/FreeMono(0)/m/n/10 peer \TU/FreeSerif(0)/m/
n/10 men-
 []


Underfull \hbox (badness 10000) in paragraph at lines 2656--2658
\TU/FreeSerif(0)/m/n/10 jadi \TU/FreeMono(0)/m/n/10 trust \TU/FreeSerif(0)/m/n/
10 pada \TU/FreeSerif(0)/b/n/10 Database administrative login by Unix domain so
cket \TU/FreeSerif(0)/m/n/10 seperti berikut:
 []

File: 2020-12-03-12-43-10.png Graphic file (type bmp)
<2020-12-03-12-43-10.png>

Overfull \hbox (170.72339pt too wide) in paragraph at lines 2673--2675
[]\TU/FreeSerif(0)/m/n/10 maka kita akan masuk ke shell untuk \TU/FreeMono(0)/m
/n/10 psql\TU/FreeSerif(0)/m/n/10 : [] 
 []

LaTeX Info: Redefining \rmfamily on input line 2679.
LaTeX Info: Redefining \sffamily on input line 2679.
LaTeX Info: Redefining \ttfamily on input line 2679.
[71]
File: 2020-12-03-08-55-40.png Graphic file (type bmp)
<2020-12-03-08-55-40.png>

Overfull \hbox (35.41335pt too wide) in paragraph at lines 2707--2709
\TU/FreeSerif(0)/m/n/10 berikut:  [] 
 []

File: 2020-12-08-08-01-41.png Graphic file (type bmp)
<2020-12-08-08-01-41.png>
LaTeX Info: Redefining \rmfamily on input line 2714.
LaTeX Info: Redefining \sffamily on input line 2714.
LaTeX Info: Redefining \ttfamily on input line 2714.
[72]
File: 2020-12-03-08-57-17.png Graphic file (type bmp)
<2020-12-03-08-57-17.png>

Overfull \hbox (1.66667pt too wide) in paragraph at lines 2716--2717
[] [] 
 []

File: 2020-12-03-09-00-55.png Graphic file (type bmp)
<2020-12-03-09-00-55.png>
File: 2020-12-08-08-04-07.png Graphic file (type bmp)
<2020-12-08-08-04-07.png>
LaTeX Info: Redefining \rmfamily on input line 2740.
LaTeX Info: Redefining \sffamily on input line 2740.
LaTeX Info: Redefining \ttfamily on input line 2740.
[73]
File: 2020-12-08-08-05-07.png Graphic file (type bmp)
<2020-12-08-08-05-07.png>
LaTeX Info: Redefining \rmfamily on input line 2742.
LaTeX Info: Redefining \sffamily on input line 2742.
LaTeX Info: Redefining \ttfamily on input line 2742.
 [74]
LaTeX Info: Redefining \rmfamily on input line 2782.
LaTeX Info: Redefining \sffamily on input line 2782.
LaTeX Info: Redefining \ttfamily on input line 2782.
 [75]
File: 2020-12-03-09-08-19.png Graphic file (type bmp)
<2020-12-03-09-08-19.png>
LaTeX Info: Redefining \rmfamily on input line 2818.
LaTeX Info: Redefining \sffamily on input line 2818.
LaTeX Info: Redefining \ttfamily on input line 2818.
 [76]
File: 2020-12-08-08-09-45.png Graphic file (type bmp)
<2020-12-08-08-09-45.png>
File: 2020-12-03-09-09-34.png Graphic file (type bmp)
<2020-12-03-09-09-34.png>
LaTeX Info: Redefining \rmfamily on input line 2845.
LaTeX Info: Redefining \sffamily on input line 2845.
LaTeX Info: Redefining \ttfamily on input line 2845.
 [77]
File: 2020-12-08-08-16-03.png Graphic file (type bmp)
<2020-12-08-08-16-03.png>
LaTeX Info: Redefining \rmfamily on input line 2884.
LaTeX Info: Redefining \sffamily on input line 2884.
LaTeX Info: Redefining \ttfamily on input line 2884.
 [78]
File: 2020-12-08-08-30-36.png Graphic file (type bmp)
<2020-12-08-08-30-36.png>
File: 2020-12-08-08-28-48.png Graphic file (type bmp)
<2020-12-08-08-28-48.png>
LaTeX Info: Redefining \rmfamily on input line 2913.
LaTeX Info: Redefining \sffamily on input line 2913.
LaTeX Info: Redefining \ttfamily on input line 2913.
 [79]
File: 2020-12-08-08-49-47.png Graphic file (type bmp)
<2020-12-08-08-49-47.png>
LaTeX Info: Redefining \rmfamily on input line 2947.
LaTeX Info: Redefining \sffamily on input line 2947.
LaTeX Info: Redefining \ttfamily on input line 2947.
 [80]
File: 2020-12-08-08-54-57.png Graphic file (type bmp)
<2020-12-08-08-54-57.png>
File: 2020-12-03-10-49-58.png Graphic file (type bmp)
<2020-12-03-10-49-58.png>
LaTeX Info: Redefining \rmfamily on input line 2966.
LaTeX Info: Redefining \sffamily on input line 2966.
LaTeX Info: Redefining \ttfamily on input line 2966.
 [81]
LaTeX Info: Redefining \rmfamily on input line 3026.
LaTeX Info: Redefining \sffamily on input line 3026.
LaTeX Info: Redefining \ttfamily on input line 3026.
 [82]
File: 2020-12-03-07-15-37.png Graphic file (type bmp)
<2020-12-03-07-15-37.png>
LaTeX Info: Redefining \rmfamily on input line 3084.
LaTeX Info: Redefining \sffamily on input line 3084.
LaTeX Info: Redefining \ttfamily on input line 3084.
 [83]
LaTeX Info: Redefining \rmfamily on input line 3084.
LaTeX Info: Redefining \sffamily on input line 3084.
LaTeX Info: Redefining \ttfamily on input line 3084.
 [84]
File: 2020-12-08-10-11-09.png Graphic file (type bmp)
<2020-12-08-10-11-09.png>
LaTeX Info: Redefining \rmfamily on input line 3118.
LaTeX Info: Redefining \sffamily on input line 3118.
LaTeX Info: Redefining \ttfamily on input line 3118.
 [85]
File: 2020-12-08-11-09-21.png Graphic file (type bmp)
<2020-12-08-11-09-21.png>
File: 2020-12-08-11-14-45.png Graphic file (type bmp)
<2020-12-08-11-14-45.png>
File: 2020-12-08-13-01-57.png Graphic file (type bmp)
<2020-12-08-13-01-57.png>
LaTeX Info: Redefining \rmfamily on input line 3135.
LaTeX Info: Redefining \sffamily on input line 3135.
LaTeX Info: Redefining \ttfamily on input line 3135.
 [86]
File: 2020-12-08-13-05-18.png Graphic file (type bmp)
<2020-12-08-13-05-18.png>
File: 2020-12-08-13-07-12.png Graphic file (type bmp)
<2020-12-08-13-07-12.png>
LaTeX Info: Redefining \rmfamily on input line 3145.
LaTeX Info: Redefining \sffamily on input line 3145.
LaTeX Info: Redefining \ttfamily on input line 3145.
 [87]
File: 2020-12-08-13-14-28.png Graphic file (type bmp)
<2020-12-08-13-14-28.png>
LaTeX Info: Redefining \rmfamily on input line 3157.
LaTeX Info: Redefining \sffamily on input line 3157.
LaTeX Info: Redefining \ttfamily on input line 3157.

[88]
File: 2020-12-08-13-15-59.png Graphic file (type bmp)
<2020-12-08-13-15-59.png>

Underfull \hbox (badness 10000) in paragraph at lines 3158--3160
[]\TU/FreeSerif(0)/m/n/10 Hasil Query dapat disimpan dalam bentuk View (tabel b
aru) maupun
 []


Underfull \hbox (badness 10000) in paragraph at lines 3158--3160
\TU/FreeSerif(0)/m/n/10 layer pada QGIS. Klik pada centang \TU/FreeMono(0)/m/n/
10 Load as New Layer
 []

LaTeX Info: Redefining \rmfamily on input line 3171.
LaTeX Info: Redefining \sffamily on input line 3171.
LaTeX Info: Redefining \ttfamily on input line 3171.
[89]
File: 2020-12-03-13-06-55.png Graphic file (type bmp)
<2020-12-03-13-06-55.png>
LaTeX Info: Redefining \rmfamily on input line 3213.
LaTeX Info: Redefining \sffamily on input line 3213.
LaTeX Info: Redefining \ttfamily on input line 3213.
 [90]
LaTeX Info: Redefining \rmfamily on input line 3256.
LaTeX Info: Redefining \sffamily on input line 3256.
LaTeX Info: Redefining \ttfamily on input line 3256.
 [91]
File: 2020-12-03-13-04-59.png Graphic file (type bmp)
<2020-12-03-13-04-59.png>
File: 2020-12-03-13-04-38.png Graphic file (type bmp)
<2020-12-03-13-04-38.png>
LaTeX Info: Redefining \rmfamily on input line 3296.
LaTeX Info: Redefining \sffamily on input line 3296.
LaTeX Info: Redefining \ttfamily on input line 3296.
 [92]
File: 2020-12-03-13-04-23.png Graphic file (type bmp)
<2020-12-03-13-04-23.png>
File: 2020-12-03-13-04-11.png Graphic file (type bmp)
<2020-12-03-13-04-11.png>
LaTeX Info: Redefining \rmfamily on input line 3316.
LaTeX Info: Redefining \sffamily on input line 3316.
LaTeX Info: Redefining \ttfamily on input line 3316.
 [93]
File: 2020-12-03-13-11-23.png Graphic file (type bmp)
<2020-12-03-13-11-23.png>
LaTeX Info: Redefining \rmfamily on input line 3360.
LaTeX Info: Redefining \sffamily on input line 3360.
LaTeX Info: Redefining \ttfamily on input line 3360.
 [94]
File: 2020-12-03-13-12-33.png Graphic file (type bmp)
<2020-12-03-13-12-33.png>
LaTeX Info: Redefining \rmfamily on input line 3403.
LaTeX Info: Redefining \sffamily on input line 3403.
LaTeX Info: Redefining \ttfamily on input line 3403.
 [95]
LaTeX Info: Redefining \rmfamily on input line 3403.
LaTeX Info: Redefining \sffamily on input line 3403.
LaTeX Info: Redefining \ttfamily on input line 3403.
 [96]
Chapter 3.
[97

]
File: 2020-12-04-03-46-57.png Graphic file (type bmp)
<2020-12-04-03-46-57.png>
LaTeX Info: Redefining \rmfamily on input line 3452.
LaTeX Info: Redefining \sffamily on input line 3452.
LaTeX Info: Redefining \ttfamily on input line 3452.
 [98]
File: 2020-12-04-03-48-23.png Graphic file (type bmp)
<2020-12-04-03-48-23.png>
File: 2020-12-04-03-49-43.png Graphic file (type bmp)
<2020-12-04-03-49-43.png>
LaTeX Info: Redefining \rmfamily on input line 3473.
LaTeX Info: Redefining \sffamily on input line 3473.
LaTeX Info: Redefining \ttfamily on input line 3473.
 [99]
File: 2020-12-04-06-07-31.png Graphic file (type bmp)
<2020-12-04-06-07-31.png>
File: 2020-12-04-06-09-08.png Graphic file (type bmp)
<2020-12-04-06-09-08.png>
File: 2020-12-04-06-29-02.png Graphic file (type bmp)
<2020-12-04-06-29-02.png>
LaTeX Info: Redefining \rmfamily on input line 3503.
LaTeX Info: Redefining \sffamily on input line 3503.
LaTeX Info: Redefining \ttfamily on input line 3503.
 [100]
File: 2020-12-04-06-29-27.png Graphic file (type bmp)
<2020-12-04-06-29-27.png>
LaTeX Info: Redefining \rmfamily on input line 3507.
LaTeX Info: Redefining \sffamily on input line 3507.
LaTeX Info: Redefining \ttfamily on input line 3507.
 [101]
File: 2020-12-04-06-30-34.png Graphic file (type bmp)
<2020-12-04-06-30-34.png>
LaTeX Info: Redefining \rmfamily on input line 3523.
LaTeX Info: Redefining \sffamily on input line 3523.
LaTeX Info: Redefining \ttfamily on input line 3523.
 [102]
File: 2020-12-04-04-22-28.png Graphic file (type bmp)
<2020-12-04-04-22-28.png>
LaTeX Info: Redefining \rmfamily on input line 3559.
LaTeX Info: Redefining \sffamily on input line 3559.
LaTeX Info: Redefining \ttfamily on input line 3559.
 [103]
File: 2020-12-04-04-27-12.png Graphic file (type bmp)
<2020-12-04-04-27-12.png>
File: 2020-12-04-04-33-50.png Graphic file (type bmp)
<2020-12-04-04-33-50.png>
LaTeX Info: Redefining \rmfamily on input line 3577.
LaTeX Info: Redefining \sffamily on input line 3577.
LaTeX Info: Redefining \ttfamily on input line 3577.
 [104]
File: 2020-12-04-03-55-05.png Graphic file (type bmp)
<2020-12-04-03-55-05.png>
LaTeX Info: Redefining \rmfamily on input line 3616.
LaTeX Info: Redefining \sffamily on input line 3616.
LaTeX Info: Redefining \ttfamily on input line 3616.
 [105]
File: 2020-12-04-06-51-38.png Graphic file (type bmp)
<2020-12-04-06-51-38.png>
File: 2020-12-04-06-53-48.png Graphic file (type bmp)
<2020-12-04-06-53-48.png>
LaTeX Info: Redefining \rmfamily on input line 3676.
LaTeX Info: Redefining \sffamily on input line 3676.
LaTeX Info: Redefining \ttfamily on input line 3676.
 [106]
File: 2020-12-04-07-15-07.png Graphic file (type bmp)
<2020-12-04-07-15-07.png>

Underfull \hbox (badness 10000) in paragraph at lines 3715--3717
[]\TU/FreeSerif(0)/m/n/10 Buka browser pada Windows di alamat: \TU/FreeMono(0)/
m/n/10 localhost:8080/geoserver
 []

LaTeX Info: Redefining \rmfamily on input line 3718.
LaTeX Info: Redefining \sffamily on input line 3718.
LaTeX Info: Redefining \ttfamily on input line 3718.
[107]
File: 2020-12-04-09-00-34.png Graphic file (type bmp)
<2020-12-04-09-00-34.png>
LaTeX Info: Redefining \rmfamily on input line 3729.
LaTeX Info: Redefining \sffamily on input line 3729.
LaTeX Info: Redefining \ttfamily on input line 3729.
 [108]
File: 2020-12-04-08-57-51.png Graphic file (type bmp)
<2020-12-04-08-57-51.png>
File: 2020-12-04-08-55-02.png Graphic file (type bmp)
<2020-12-04-08-55-02.png>
LaTeX Info: Redefining \rmfamily on input line 3766.
LaTeX Info: Redefining \sffamily on input line 3766.
LaTeX Info: Redefining \ttfamily on input line 3766.
 [109]
File: 2020-12-04-08-53-02.png Graphic file (type bmp)
<2020-12-04-08-53-02.png>
LaTeX Info: Redefining \rmfamily on input line 3775.
LaTeX Info: Redefining \sffamily on input line 3775.
LaTeX Info: Redefining \ttfamily on input line 3775.
 [110]
File: 2020-12-08-13-45-12.png Graphic file (type bmp)
<2020-12-08-13-45-12.png>
LaTeX Info: Redefining \rmfamily on input line 3795.
LaTeX Info: Redefining \sffamily on input line 3795.
LaTeX Info: Redefining \ttfamily on input line 3795.
 [111]
File: 2020-12-08-14-02-26.png Graphic file (type bmp)
<2020-12-08-14-02-26.png>
File: 2020-12-08-14-07-57.png Graphic file (type bmp)
<2020-12-08-14-07-57.png>
LaTeX Info: Redefining \rmfamily on input line 3814.
LaTeX Info: Redefining \sffamily on input line 3814.
LaTeX Info: Redefining \ttfamily on input line 3814.
 [112]
File: 2020-12-08-14-09-30.png Graphic file (type bmp)
<2020-12-08-14-09-30.png>
File: 2020-12-08-15-17-01.png Graphic file (type bmp)
<2020-12-08-15-17-01.png>
LaTeX Info: Redefining \rmfamily on input line 3826.
LaTeX Info: Redefining \sffamily on input line 3826.
LaTeX Info: Redefining \ttfamily on input line 3826.
 [113]
File: 2020-12-08-16-08-26.png Graphic file (type bmp)
<2020-12-08-16-08-26.png>
LaTeX Info: Redefining \rmfamily on input line 3844.
LaTeX Info: Redefining \sffamily on input line 3844.
LaTeX Info: Redefining \ttfamily on input line 3844.
 [114]
File: 2020-12-04-08-55-41.png Graphic file (type bmp)
<2020-12-04-08-55-41.png>
LaTeX Info: Redefining \rmfamily on input line 3857.
LaTeX Info: Redefining \sffamily on input line 3857.
LaTeX Info: Redefining \ttfamily on input line 3857.
 [115]
LaTeX Info: Redefining \rmfamily on input line 3873.
LaTeX Info: Redefining \sffamily on input line 3873.
LaTeX Info: Redefining \ttfamily on input line 3873.
 [116]
File: 2020-12-04-08-58-42.png Graphic file (type bmp)
<2020-12-04-08-58-42.png>
LaTeX Info: Redefining \rmfamily on input line 3905.
LaTeX Info: Redefining \sffamily on input line 3905.
LaTeX Info: Redefining \ttfamily on input line 3905.
 [117]
File: 2020-12-08-16-01-09.png Graphic file (type bmp)
<2020-12-08-16-01-09.png>
LaTeX Info: Redefining \rmfamily on input line 3915.
LaTeX Info: Redefining \sffamily on input line 3915.
LaTeX Info: Redefining \ttfamily on input line 3915.
 [118]
File: 2020-12-08-16-03-00.png Graphic file (type bmp)
<2020-12-08-16-03-00.png>
LaTeX Info: Redefining \rmfamily on input line 3930.
LaTeX Info: Redefining \sffamily on input line 3930.
LaTeX Info: Redefining \ttfamily on input line 3930.

[119]
File: 2020-12-04-05-23-55.png Graphic file (type bmp)
<2020-12-04-05-23-55.png>
LaTeX Info: Redefining \rmfamily on input line 3962.
LaTeX Info: Redefining \sffamily on input line 3962.
LaTeX Info: Redefining \ttfamily on input line 3962.
 [120]
File: 2020-12-04-08-47-22.png Graphic file (type bmp)
<2020-12-04-08-47-22.png>
File: 2020-12-08-16-38-57.png Graphic file (type bmp)
<2020-12-08-16-38-57.png>
LaTeX Info: Redefining \rmfamily on input line 3987.
LaTeX Info: Redefining \sffamily on input line 3987.
LaTeX Info: Redefining \ttfamily on input line 3987.
 [121]
File: 2020-12-08-16-45-50.png Graphic file (type bmp)
<2020-12-08-16-45-50.png>
File: 2020-12-08-16-47-23.png Graphic file (type bmp)
<2020-12-08-16-47-23.png>
LaTeX Info: Redefining \rmfamily on input line 3995.
LaTeX Info: Redefining \sffamily on input line 3995.
LaTeX Info: Redefining \ttfamily on input line 3995.
 [122]
File: 2020-12-08-16-48-59.png Graphic file (type bmp)
<2020-12-08-16-48-59.png>
LaTeX Info: Redefining \rmfamily on input line 4002.
LaTeX Info: Redefining \sffamily on input line 4002.
LaTeX Info: Redefining \ttfamily on input line 4002.
 [123] (./fossgis.ind)
The property list \polyglossia@langsetup contains the pairs (without outer
braces):
>  {latex/script}  =>  {latin}
>  {latex/lcscript}  =>  {latin}
>  {latex/scripttag}  =>  {}
>  {latex/language}  =>  {Latex}
>  {latex/langtag}  =>  {ENG}
>  {latex/bcp47}  =>  {}
>  {latex/hyphennames}  =>  {english}
>  {latex/direction}  =>  {LR}
>  {latex/hyphenmins}  =>  {2,3}
>  {latex/frenchspacing}  =>  {false}
>  {latex/indentfirst}  =>  {false}
>  {latex/fontsetup}  =>  {true}
>  {latex/envname}  =>  {latex}
>  {latex/babelname}  =>  {latex}
>  {latex/localnumeral}  =>  {polyglossia@C@localnumeral}
>  {latex/Localnumeral}  =>  {polyglossia@C@localnumeral}
>  {english/script}  =>  {latin}
>  {english/lcscript}  =>  {latin}
>  {english/scripttag}  =>  {}
>  {english/language}  =>  {English}
>  {english/langtag}  =>  {ENG}
>  {english/bcp47}  =>  {en-US}
>  {english/hyphennames}  =>  {english,american,usenglish,USenglish}
>  {english/direction}  =>  {LR}
>  {english/hyphenmins}  =>  {2,3}
>  {english/frenchspacing}  =>  {false}
>  {english/indentfirst}  =>  {false}
>  {english/fontsetup}  =>  {true}
>  {english/envname}  =>  {english}
>  {english/babelname}  =>  {american}
>  {english/localnumeral}  =>  {polyglossia@C@localnumeral}
>  {english/Localnumeral}  =>  {polyglossia@C@localnumeral}.
Package atveryend Info: Empty hook `BeforeClearDocument' on input line 4028.
LaTeX Info: Redefining \rmfamily on input line 4028.
LaTeX Info: Redefining \sffamily on input line 4028.
LaTeX Info: Redefining \ttfamily on input line 4028.
 [124]
Package atveryend Info: Empty hook `AfterLastShipout' on input line 4028.
 (./fossgis.aux
LaTeX Info: Redefining \rmfamily on input line 19.
LaTeX Info: Redefining \sffamily on input line 19.
LaTeX Info: Redefining \ttfamily on input line 19.
)
Package atveryend Info: Empty hook `AtVeryEndDocument' on input line 4028.
Package atveryend Info: Executing hook `AtEndAfterFileList' on input line 4028.

Package rerunfilecheck Info: File `fossgis.out' has not changed.
(rerunfilecheck)             Checksum: C30F9ABA71769E229AE52F47920381F2;2982.
 ) 
Here is how much of TeX's memory you used:
 17444 strings out of 481804
 331328 string characters out of 5937876
 670488 words of memory out of 5000000
 33952 multiletter control sequences out of 15000+600000
 540964 words of font info for 104 fonts, out of 8000000 for 9000
 15 hyphenation exceptions out of 8191
 47i,12n,79p,1154b,569s stack positions out of 5000i,500n,10000p,200000b,80000s

Output written on fossgis.pdf (128 pages).
