This is XeTeX, Version 3.14159265-2.6-0.999991 (TeX Live 2019/Debian) (preloaded format=xelatex 2020.12.8)  9 DEC 2020 03:10
entering extended mode
 restricted \write18 enabled.
 %&-line parsing enabled.
**python.tex
(./python.tex
LaTeX2e <2020-02-02> patch level 2
L3 programming layer <2020-02-14> (./sphinxmanual.cls
Document Class: sphinxmanual 2019/12/01 v2.3.0 Document class (Sphinx manual)
(/usr/share/texlive/texmf-dist/tex/latex/base/report.cls
Document Class: report 2019/12/20 v1.4l Standard LaTeX document class
(/usr/share/texlive/texmf-dist/tex/latex/base/size10.clo
File: size10.clo 2019/12/20 v1.4l Standard LaTeX file (size option)
)
\c@part=\count163
\c@chapter=\count164
\c@section=\count165
\c@subsection=\count166
\c@subsubsection=\count167
\c@paragraph=\count168
\c@subparagraph=\count169
\c@figure=\count170
\c@table=\count171
\abovecaptionskip=\skip47
\belowcaptionskip=\skip48
\bibindent=\dimen134
)
LaTeX Info: Redefining \and on input line 35.
)
\sphinxpxdimen=\dimen135

(/usr/share/texlive/texmf-dist/tex/latex/base/inputenc.sty
Package: inputenc 2018/08/11 v1.3c Input encoding file
\inpenc@prehook=\toks14
\inpenc@posthook=\toks15


Package inputenc Warning: inputenc package ignored with utf8 based engines.

) (/usr/share/texlive/texmf-dist/tex/latex/cmap/cmap.sty
Package: cmap 2008/03/06 v1.0h CMap support: searchable PDF


Package cmap Warning: pdftex not detected - exiting.

) (/usr/share/texlive/texmf-dist/tex/latex/base/fontenc.sty
Package: fontenc 2020/02/11 v2.0o Standard LaTeX package
LaTeX Font Info:    Trying to load font information for T1+lmr on input line 11
2.

(/usr/share/texmf/tex/latex/lm/t1lmr.fd
File: t1lmr.fd 2009/10/30 v1.6 Font defs for Latin Modern
))
(/usr/share/texlive/texmf-dist/tex/latex/amsmath/amsmath.sty
Package: amsmath 2020/01/20 v2.17e AMS math features
\@mathmargin=\skip49

For additional information on amsmath, use the `?' option.
(/usr/share/texlive/texmf-dist/tex/latex/amsmath/amstext.sty
Package: amstext 2000/06/29 v2.01 AMS text

(/usr/share/texlive/texmf-dist/tex/latex/amsmath/amsgen.sty
File: amsgen.sty 1999/11/30 v2.0 generic functions
\@emptytoks=\toks16
\ex@=\dimen136
))
(/usr/share/texlive/texmf-dist/tex/latex/amsmath/amsbsy.sty
Package: amsbsy 1999/11/29 v1.2d Bold Symbols
\pmbraise@=\dimen137
)
(/usr/share/texlive/texmf-dist/tex/latex/amsmath/amsopn.sty
Package: amsopn 2016/03/08 v2.02 operator names
)
\inf@bad=\count172
LaTeX Info: Redefining \frac on input line 227.
\uproot@=\count173
\leftroot@=\count174
LaTeX Info: Redefining \overline on input line 389.
\classnum@=\count175
\DOTSCASE@=\count176
LaTeX Info: Redefining \ldots on input line 486.
LaTeX Info: Redefining \dots on input line 489.
LaTeX Info: Redefining \cdots on input line 610.
\Mathstrutbox@=\box45
\strutbox@=\box46
\big@size=\dimen138
LaTeX Font Info:    Redeclaring font encoding OML on input line 733.
LaTeX Font Info:    Redeclaring font encoding OMS on input line 734.
\macc@depth=\count177
\c@MaxMatrixCols=\count178
\dotsspace@=\muskip16
\c@parentequation=\count179
\dspbrk@lvl=\count180
\tag@help=\toks17
\row@=\count181
\column@=\count182
\maxfields@=\count183
\andhelp@=\toks18
\eqnshift@=\dimen139
\alignsep@=\dimen140
\tagshift@=\dimen141
\tagwidth@=\dimen142
\totwidth@=\dimen143
\lineht@=\dimen144
\@envbody=\toks19
\multlinegap=\skip50
\multlinetaggap=\skip51
\mathdisplay@stack=\toks20
LaTeX Info: Redefining \[ on input line 2859.
LaTeX Info: Redefining \] on input line 2860.
)
(/usr/share/texlive/texmf-dist/tex/latex/amsfonts/amssymb.sty
Package: amssymb 2013/01/14 v3.01 AMS font symbols

(/usr/share/texlive/texmf-dist/tex/latex/amsfonts/amsfonts.sty
Package: amsfonts 2013/01/14 v3.01 Basic AMSFonts support
\symAMSa=\mathgroup4
\symAMSb=\mathgroup5
LaTeX Font Info:    Redeclaring math symbol \hbar on input line 98.
LaTeX Font Info:    Overwriting math alphabet `\mathfrak' in version `bold'
(Font)                  U/euf/m/n --> U/euf/b/n on input line 106.
))
(/usr/share/texlive/texmf-dist/tex/generic/babel/babel.sty
Package: babel 2020/02/14 3.40 The Babel package

(/usr/share/texlive/texmf-dist/tex/generic/babel/switch.def
File: switch.def 2020/02/14 3.40 Babel switching mechanism
)
(/usr/share/texlive/texmf-dist/tex/generic/babel-english/english.ldf
Language: english 2017/06/06 v3.3r English support from the babel system

(/usr/share/texlive/texmf-dist/tex/generic/babel/babel.def
File: babel.def 2020/02/14 3.40 Babel common definitions
\babel@savecnt=\count184
\U@D=\dimen145

(/usr/share/texlive/texmf-dist/tex/generic/babel/xebabel.def
(/usr/share/texlive/texmf-dist/tex/generic/babel/txtbabel.def))
\bbl@readstream=\read2
\bbl@dirlevel=\count185
)
Package babel Info: \l@british = using hyphenrules for english
(babel)             (\language0) on input line 82.
Package babel Info: \l@UKenglish = using hyphenrules for english
(babel)             (\language0) on input line 83.
Package babel Info: \l@canadian = using hyphenrules for english
(babel)             (\language0) on input line 102.
Package babel Info: \l@australian = using hyphenrules for english
(babel)             (\language0) on input line 105.
Package babel Info: \l@newzealand = using hyphenrules for english
(babel)             (\language0) on input line 108.
))
(/usr/share/texlive/texmf-dist/tex/latex/psnfss/times.sty
Package: times 2005/04/12 PSNFSS-v9.2a (SPQR) 
)
(/usr/share/texlive/texmf-dist/tex/latex/fncychap/fncychap.sty
Package: fncychap 2007/07/30 v1.34 LaTeX package (Revised chapters)
\RW=\skip52
\mylen=\skip53
\myhi=\skip54
\px=\skip55
\py=\skip56
\pyy=\skip57
\pxx=\skip58
\c@AlphaCnt=\count186
\c@AlphaDecCnt=\count187
) (./sphinx.sty
Package: sphinx 2019/09/02 v2.3.0 LaTeX package (Sphinx markup)

(/usr/share/texlive/texmf-dist/tex/generic/ltxcmds/ltxcmds.sty
Package: ltxcmds 2019/12/15 v1.24 LaTeX kernel commands for general use (HO)
)
(/usr/share/texlive/texmf-dist/tex/latex/graphics/graphicx.sty
Package: graphicx 2019/11/30 v1.2a Enhanced LaTeX Graphics (DPC,SPQR)

(/usr/share/texlive/texmf-dist/tex/latex/graphics/keyval.sty
Package: keyval 2014/10/28 v1.15 key=value parser (DPC)
\KV@toks@=\toks21
)
(/usr/share/texlive/texmf-dist/tex/latex/graphics/graphics.sty
Package: graphics 2019/11/30 v1.4a Standard LaTeX Graphics (DPC,SPQR)

(/usr/share/texlive/texmf-dist/tex/latex/graphics/trig.sty
Package: trig 2016/01/03 v1.10 sin cos tan (DPC)
)
(/usr/share/texlive/texmf-dist/tex/latex/graphics-cfg/graphics.cfg
File: graphics.cfg 2016/06/04 v1.11 sample graphics configuration
)
Package graphics Info: Driver file: xetex.def on input line 105.

(/usr/share/texlive/texmf-dist/tex/latex/graphics-def/xetex.def
File: xetex.def 2017/06/24 v5.0h Graphics/color driver for xetex
))
\Gin@req@height=\dimen146
\Gin@req@width=\dimen147
)
(/usr/share/texlive/texmf-dist/tex/latex/fancyhdr/fancyhdr.sty
Package: fancyhdr 2019/01/31 v3.10 Extensive control of page headers and footer
s
\f@nch@headwidth=\skip59
\f@nch@O@elh=\skip60
\f@nch@O@erh=\skip61
\f@nch@O@olh=\skip62
\f@nch@O@orh=\skip63
\f@nch@O@elf=\skip64
\f@nch@O@erf=\skip65
\f@nch@O@olf=\skip66
\f@nch@O@orf=\skip67
)
(/usr/share/texlive/texmf-dist/tex/latex/base/textcomp.sty
Package: textcomp 2020/02/02 v2.0n Standard LaTeX package
)
(/usr/share/texlive/texmf-dist/tex/latex/titlesec/titlesec.sty
Package: titlesec 2019/10/16 v2.13 Sectioning titles
\ttl@box=\box47
\beforetitleunit=\skip68
\aftertitleunit=\skip69
\ttl@plus=\dimen148
\ttl@minus=\dimen149
\ttl@toksa=\toks22
\titlewidth=\dimen150
\titlewidthlast=\dimen151
\titlewidthfirst=\dimen152
)
(/usr/share/texlive/texmf-dist/tex/latex/tabulary/tabulary.sty
Package: tabulary 2014/06/11 v0.10 tabulary package (DPC)

(/usr/share/texlive/texmf-dist/tex/latex/tools/array.sty
Package: array 2019/08/31 v2.4l Tabular extension package (FMi)
\col@sep=\dimen153
\ar@mcellbox=\box48
\extrarowheight=\dimen154
\NC@list=\toks23
\extratabsurround=\skip70
\backup@length=\skip71
\ar@cellbox=\box49
)
\TY@count=\count188
\TY@linewidth=\dimen155
\tymin=\dimen156
\tymax=\dimen157
\TY@tablewidth=\dimen158
)
(/usr/share/texlive/texmf-dist/tex/latex/tools/longtable.sty
Package: longtable 2020/01/07 v4.13 Multi-page Table package (DPC)
\LTleft=\skip72
\LTright=\skip73
\LTpre=\skip74
\LTpost=\skip75
\LTchunksize=\count189
\LTcapwidth=\dimen159
\LT@head=\box50
\LT@firsthead=\box51
\LT@foot=\box52
\LT@lastfoot=\box53
\LT@cols=\count190
\LT@rows=\count191
\c@LT@tables=\count192
\c@LT@chunks=\count193
\LT@p@ftn=\toks24
)
(/usr/share/texlive/texmf-dist/tex/latex/varwidth/varwidth.sty
Package: varwidth 2009/03/30 ver 0.92;  Variable-width minipages
\@vwid@box=\box54
\sift@deathcycles=\count194
\@vwid@loff=\dimen160
\@vwid@roff=\dimen161
)
(./sphinxmulticell.sty
Package: sphinxmulticell 2017/02/23 v1.6 better span rows and columns of a tabl
e (Sphinx team)
\sphinx@TY@tablewidth=\dimen162
)
(/usr/share/texlive/texmf-dist/tex/latex/base/makeidx.sty
Package: makeidx 2014/09/29 v1.0m Standard LaTeX package
)
(/usr/share/texlive/texmf-dist/tex/latex/framed/framed.sty
Package: framed 2011/10/22 v 0.96: framed or shaded text with page breaks
\OuterFrameSep=\skip76
\fb@frw=\dimen163
\fb@frh=\dimen164
\FrameRule=\dimen165
\FrameSep=\dimen166
)
(/usr/share/texlive/texmf-dist/tex/latex/xcolor/xcolor.sty
Package: xcolor 2016/05/11 v2.12 LaTeX color extensions (UK)

(/usr/share/texlive/texmf-dist/tex/latex/graphics-cfg/color.cfg
File: color.cfg 2016/01/02 v1.6 sample color configuration
)
Package xcolor Info: Driver file: xetex.def on input line 225.
Package xcolor Info: Model `cmy' substituted by `cmy0' on input line 1348.
Package xcolor Info: Model `RGB' extended on input line 1364.
Package xcolor Info: Model `HTML' substituted by `rgb' on input line 1366.
Package xcolor Info: Model `Hsb' substituted by `hsb' on input line 1367.
Package xcolor Info: Model `tHsb' substituted by `hsb' on input line 1368.
Package xcolor Info: Model `HSB' substituted by `hsb' on input line 1369.
Package xcolor Info: Model `Gray' substituted by `gray' on input line 1370.
Package xcolor Info: Model `wave' substituted by `hsb' on input line 1371.
)
(/usr/share/texlive/texmf-dist/tex/latex/fancyvrb/fancyvrb.sty
Package: fancyvrb 2020/01/13 v3.5 verbatim text (tvz,hv)
\FV@CodeLineNo=\count195
\FV@InFile=\read3
\FV@TabBox=\box55
\c@FancyVerbLine=\count196
\FV@StepNumber=\count197
\FV@OutFile=\write3
)
(./footnotehyper-sphinx.sty
Package: footnotehyper-sphinx 2017/10/27 v1.7 hyperref aware footnote.sty for s
phinx (JFB)
\FNH@notes=\box56
\FNH@width=\dimen167
)
(/usr/share/texlive/texmf-dist/tex/latex/float/float.sty
Package: float 2001/11/08 v1.3d Float enhancements (AL)
\c@float@type=\count198
\float@exts=\toks25
\float@box=\box57
\@float@everytoks=\toks26
\@floatcapt=\box58
)
(/usr/share/texlive/texmf-dist/tex/latex/wrapfig/wrapfig.sty
\wrapoverhang=\dimen168
\WF@size=\dimen169
\c@WF@wrappedlines=\count199
\WF@box=\box59
\WF@everypar=\toks27
Package: wrapfig 2003/01/31  v 3.6
)
(/usr/share/texlive/texmf-dist/tex/latex/parskip/parskip.sty
Rollback for package 'parskip' requested -> version 'v1'.
         This corresponds to the release introduced on 2001-04-09.

(/usr/share/texlive/texmf-dist/tex/latex/parskip/parskip-2001-04-09.sty
Package: parskip 2001/04/09 non-zero parskip adjustments
))
(/usr/share/texlive/texmf-dist/tex/latex/base/alltt.sty
Package: alltt 1997/06/16 v2.0g defines alltt environment
)
(/usr/share/texlive/texmf-dist/tex/latex/upquote/upquote.sty
Package: upquote 2012/04/19 v1.3 upright-quote and grave-accent glyphs in verba
tim
)
(/usr/share/texlive/texmf-dist/tex/latex/capt-of/capt-of.sty
Package: capt-of 2009/12/29 v0.2 standard captions outside of floats
)
(/usr/share/texlive/texmf-dist/tex/latex/needspace/needspace.sty
Package: needspace 2010/09/12 v1.3d reserve vertical space
)
(./sphinxhighlight.sty
Package: sphinxhighlight 2016/05/29 stylesheet for highlighting with pygments
)
(/usr/share/texlive/texmf-dist/tex/latex/kvoptions/kvoptions.sty
Package: kvoptions 2019/11/29 v3.13 Key value format for package options (HO)

(/usr/share/texlive/texmf-dist/tex/generic/kvsetkeys/kvsetkeys.sty
Package: kvsetkeys 2019/12/15 v1.18 Key value parser (HO)
))
\sphinxverbatimsep=\dimen170
\sphinxverbatimborder=\dimen171
\sphinxshadowsep=\dimen172
\sphinxshadowsize=\dimen173
\sphinxshadowrule=\dimen174
\spx@notice@border=\dimen175
\spx@image@maxheight=\dimen176
\spx@image@box=\dimen177
\c@literalblock=\count266
\sphinxcontinuationbox=\box60
\sphinxvisiblespacebox=\box61
\sphinxVerbatim@TitleBox=\box62
\sphinxVerbatim@ContentsBox=\box63
\py@argswidth=\skip77
\lineblockindentation=\skip78
\DUlineblockindent=\skip79
)
(/usr/share/texlive/texmf-dist/tex/latex/geometry/geometry.sty
Package: geometry 2020/01/02 v5.9 Page Geometry

(/usr/share/texlive/texmf-dist/tex/generic/iftex/ifvtex.sty
Package: ifvtex 2019/10/25 v1.7 ifvtex legacy package. Use iftex instead.

(/usr/share/texlive/texmf-dist/tex/generic/iftex/iftex.sty
Package: iftex 2019/11/07 v1.0c TeX engine tests
))
\Gm@cnth=\count267
\Gm@cntv=\count268
\c@Gm@tempcnt=\count269
\Gm@bindingoffset=\dimen178
\Gm@wd@mp=\dimen179
\Gm@odd@mp=\dimen180
\Gm@even@mp=\dimen181
\Gm@layoutwidth=\dimen182
\Gm@layoutheight=\dimen183
\Gm@layouthoffset=\dimen184
\Gm@layoutvoffset=\dimen185
\Gm@dimlist=\toks28
)
(/usr/share/texlive/texmf-dist/tex/latex/hyperref/hyperref.sty
Package: hyperref 2020/01/14 v7.00d Hypertext links for LaTeX

(/usr/share/texlive/texmf-dist/tex/latex/pdftexcmds/pdftexcmds.sty
Package: pdftexcmds 2019/11/24 v0.31 Utility functions of pdfTeX for LuaTeX (HO
)

(/usr/share/texlive/texmf-dist/tex/generic/infwarerr/infwarerr.sty
Package: infwarerr 2019/12/03 v1.5 Providing info/warning/error messages (HO)
)
Package pdftexcmds Info: \pdf@primitive is available.
Package pdftexcmds Info: \pdf@ifprimitive is available.
Package pdftexcmds Info: \pdfdraftmode not found.
)
(/usr/share/texlive/texmf-dist/tex/generic/kvdefinekeys/kvdefinekeys.sty
Package: kvdefinekeys 2019-12-19 v1.6 Define keys (HO)
)
(/usr/share/texlive/texmf-dist/tex/generic/pdfescape/pdfescape.sty
Package: pdfescape 2019/12/09 v1.15 Implements pdfTeX's escape features (HO)
)
(/usr/share/texlive/texmf-dist/tex/latex/hycolor/hycolor.sty
Package: hycolor 2020-01-27 v1.10 Color options for hyperref/bookmark (HO)
)
(/usr/share/texlive/texmf-dist/tex/latex/letltxmacro/letltxmacro.sty
Package: letltxmacro 2019/12/03 v1.6 Let assignment for LaTeX macros (HO)
)
(/usr/share/texlive/texmf-dist/tex/latex/auxhook/auxhook.sty
Package: auxhook 2019-12-17 v1.6 Hooks for auxiliary files (HO)
)
\@linkdim=\dimen186
\Hy@linkcounter=\count270
\Hy@pagecounter=\count271

(/usr/share/texlive/texmf-dist/tex/latex/hyperref/pd1enc.def
File: pd1enc.def 2020/01/14 v7.00d Hyperref: PDFDocEncoding definition (HO)
)
(/usr/share/texlive/texmf-dist/tex/generic/intcalc/intcalc.sty
Package: intcalc 2019/12/15 v1.3 Expandable calculations with integers (HO)
)
(/usr/share/texlive/texmf-dist/tex/generic/etexcmds/etexcmds.sty
Package: etexcmds 2019/12/15 v1.7 Avoid name clashes with e-TeX commands (HO)
)
\Hy@SavedSpaceFactor=\count272
Package hyperref Info: Option `unicode' set `true' on input line 4421.

(/usr/share/texlive/texmf-dist/tex/latex/hyperref/puenc.def
File: puenc.def 2020/01/14 v7.00d Hyperref: PDF Unicode definition (HO)
)
Package hyperref Info: Option `colorlinks' set `true' on input line 4421.
Package hyperref Info: Option `breaklinks' set `true' on input line 4421.
Package hyperref Info: Hyper figures OFF on input line 4547.
Package hyperref Info: Link nesting OFF on input line 4552.
Package hyperref Info: Hyper index ON on input line 4555.
Package hyperref Info: Plain pages OFF on input line 4562.
Package hyperref Info: Backreferencing OFF on input line 4567.
Package hyperref Info: Implicit mode ON; LaTeX internals redefined.
Package hyperref Info: Bookmarks ON on input line 4800.
\c@Hy@tempcnt=\count273

(/usr/share/texlive/texmf-dist/tex/latex/url/url.sty
\Urlmuskip=\muskip17
Package: url 2013/09/16  ver 3.4  Verb mode for urls, etc.
)
LaTeX Info: Redefining \url on input line 5159.
\XeTeXLinkMargin=\dimen187

(/usr/share/texlive/texmf-dist/tex/generic/bitset/bitset.sty
Package: bitset 2019/12/09 v1.3 Handle bit-vector datatype (HO)

(/usr/share/texlive/texmf-dist/tex/generic/bigintcalc/bigintcalc.sty
Package: bigintcalc 2019/12/15 v1.5 Expandable calculations on big integers (HO
)
))
\Fld@menulength=\count274
\Field@Width=\dimen188
\Fld@charsize=\dimen189
Package hyperref Info: Hyper figures OFF on input line 6430.
Package hyperref Info: Link nesting OFF on input line 6435.
Package hyperref Info: Hyper index ON on input line 6438.
Package hyperref Info: backreferencing OFF on input line 6445.
Package hyperref Info: Link coloring ON on input line 6448.
Package hyperref Info: Link coloring with OCG OFF on input line 6455.
Package hyperref Info: PDF/A mode OFF on input line 6460.
LaTeX Info: Redefining \ref on input line 6500.
LaTeX Info: Redefining \pageref on input line 6504.

(/usr/share/texlive/texmf-dist/tex/generic/atbegshi/atbegshi.sty
Package: atbegshi 2019/12/05 v1.19 At begin shipout hook (HO)
)
\Hy@abspage=\count275
\c@Item=\count276
\c@Hfootnote=\count277
)
Package hyperref Info: Driver (autodetected): hxetex.

(/usr/share/texlive/texmf-dist/tex/latex/hyperref/hxetex.def
File: hxetex.def 2020/01/14 v7.00d Hyperref driver for XeTeX

(/usr/share/texlive/texmf-dist/tex/generic/stringenc/stringenc.sty
Package: stringenc 2019/11/29 v1.12 Convert strings between diff. encodings (HO
)
)
\pdfm@box=\box64
\c@Hy@AnnotLevel=\count278
\HyField@AnnotCount=\count279
\Fld@listcount=\count280
\c@bookmark@seq@number=\count281

(/usr/share/texlive/texmf-dist/tex/latex/rerunfilecheck/rerunfilecheck.sty
Package: rerunfilecheck 2019/12/05 v1.9 Rerun checks for auxiliary files (HO)

(/usr/share/texlive/texmf-dist/tex/latex/atveryend/atveryend.sty
Package: atveryend 2019-12-11 v1.11 Hooks at the very end of document (HO)
Package atveryend Info: \enddocument detected (standard20110627).
)
(/usr/share/texlive/texmf-dist/tex/generic/uniquecounter/uniquecounter.sty
Package: uniquecounter 2019/12/15 v1.4 Provide unlimited unique counter (HO)
)
Package uniquecounter Info: New unique counter `rerunfilecheck' on input line 2
86.
)
\Hy@SectionHShift=\skip80
)
(/usr/share/texlive/texmf-dist/tex/latex/oberdiek/hypcap.sty
Package: hypcap 2016/05/16 v1.12 Adjusting the anchors of captions (HO)
)
(./sphinxmessages.sty
Package: sphinxmessages 2019/01/04 v2.0 Localized LaTeX macros (Sphinx team)
)
\@indexfile=\write4
\openout4 = `python.idx'.


Writing index file python.idx
(/usr/share/texlive/texmf-dist/tex/latex/l3backend/l3backend-xdvipdfmx.def
File: l3backend-xdvipdfmx.def 2020-02-03 L3 backend support: xdvipdfmx
\g__graphics_track_int=\count282
\l__pdf_internal_box=\box65
\g__pdf_backend_object_int=\count283
\g__pdf_backend_annotation_int=\count284
)
(./python.aux)
\openout1 = `python.aux'.

LaTeX Font Info:    Checking defaults for OML/cmm/m/it on input line 83.
LaTeX Font Info:    ... okay on input line 83.
LaTeX Font Info:    Checking defaults for OMS/cmsy/m/n on input line 83.
LaTeX Font Info:    ... okay on input line 83.
LaTeX Font Info:    Checking defaults for OT1/cmr/m/n on input line 83.
LaTeX Font Info:    ... okay on input line 83.
LaTeX Font Info:    Checking defaults for T1/cmr/m/n on input line 83.
LaTeX Font Info:    ... okay on input line 83.
LaTeX Font Info:    Checking defaults for TS1/cmr/m/n on input line 83.
LaTeX Font Info:    Trying to load font information for TS1+cmr on input line 8
3.
 (/usr/share/texlive/texmf-dist/tex/latex/base/ts1cmr.fd
File: ts1cmr.fd 2019/12/16 v2.5j Standard LaTeX font definitions
)
LaTeX Font Info:    ... okay on input line 83.
LaTeX Font Info:    Checking defaults for TU/lmr/m/n on input line 83.
LaTeX Font Info:    ... okay on input line 83.
LaTeX Font Info:    Checking defaults for OMX/cmex/m/n on input line 83.
LaTeX Font Info:    ... okay on input line 83.
LaTeX Font Info:    Checking defaults for U/cmr/m/n on input line 83.
LaTeX Font Info:    ... okay on input line 83.
LaTeX Font Info:    Checking defaults for PD1/pdf/m/n on input line 83.
LaTeX Font Info:    ... okay on input line 83.
LaTeX Font Info:    Checking defaults for PU/pdf/m/n on input line 83.
LaTeX Font Info:    ... okay on input line 83.
LaTeX Font Info:    Trying to load font information for T1+ptm on input line 83
.

(/usr/share/texlive/texmf-dist/tex/latex/psnfss/t1ptm.fd
File: t1ptm.fd 2001/06/04 font definitions for T1/ptm.
)
*geometry* driver: auto-detecting
*geometry* detected driver: xetex
*geometry* verbose mode - [ preamble ] result:
* driver: xetex
* paper: letterpaper
* layout: <same size as paper>
* layoutoffset:(h,v)=(0.0pt,0.0pt)
* modes: twoside 
* h-part:(L,W,R)=(72.26999pt, 469.75502pt, 72.26999pt)
* v-part:(T,H,B)=(72.26999pt, 650.43001pt, 72.26999pt)
* \paperwidth=614.295pt
* \paperheight=794.96999pt
* \textwidth=469.75502pt
* \textheight=650.43001pt
* \oddsidemargin=0.0pt
* \evensidemargin=0.0pt
* \topmargin=-37.0pt
* \headheight=12.0pt
* \headsep=25.0pt
* \topskip=10.0pt
* \footskip=30.0pt
* \marginparwidth=36.135pt
* \marginparsep=11.0pt
* \columnsep=10.0pt
* \skip\footins=9.0pt plus 4.0pt minus 2.0pt
* \hoffset=0.0pt
* \voffset=0.0pt
* \mag=1000
* \@twocolumnfalse
* \@twosidetrue
* \@mparswitchtrue
* \@reversemarginfalse
* (1in=72.27pt=25.4mm, 1cm=28.453pt)

\AtBeginShipoutBox=\box66
Package hyperref Info: Link coloring ON on input line 83.
(/usr/share/texlive/texmf-dist/tex/latex/hyperref/nameref.sty
Package: nameref 2019/09/16 v2.46 Cross-referencing by name of section

(/usr/share/texlive/texmf-dist/tex/latex/refcount/refcount.sty
Package: refcount 2019/12/15 v3.6 Data extraction from label references (HO)
)
(/usr/share/texlive/texmf-dist/tex/generic/gettitlestring/gettitlestring.sty
Package: gettitlestring 2019/12/15 v1.6 Cleanup title references (HO)
)
\c@section@level=\count285
)
LaTeX Info: Redefining \ref on input line 83.
LaTeX Info: Redefining \pageref on input line 83.
LaTeX Info: Redefining \nameref on input line 83.

(./python.out) (./python.out)
\@outlinefile=\write5
\openout5 = `python.out'.

Package hyperref Info: Option `pageanchor' set `false' on input line 86.
LaTeX Font Info:    Trying to load font information for T1+phv on input line 86
.

(/usr/share/texlive/texmf-dist/tex/latex/psnfss/t1phv.fd
File: t1phv.fd 2001/06/04 scalable font definitions for T1/phv.
)
LaTeX Font Info:    Font shape `T1/phv/b/it' in size <10> not available
(Font)              Font shape `T1/phv/b/sl' tried instead on input line 86.
LaTeX Font Info:    Font shape `T1/phv/b/it' in size <17.28> not available
(Font)              Font shape `T1/phv/b/sl' tried instead on input line 86.
LaTeX Font Info:    Trying to load font information for U+msa on input line 86.


(/usr/share/texlive/texmf-dist/tex/latex/amsfonts/umsa.fd
File: umsa.fd 2013/01/14 v3.01 AMS symbols A
)
LaTeX Font Info:    Trying to load font information for U+msb on input line 86.


(/usr/share/texlive/texmf-dist/tex/latex/amsfonts/umsb.fd
File: umsb.fd 2013/01/14 v3.01 AMS symbols B
) [1

] [2


]
(./python.toc)
\tf@toc=\write6
\openout6 = `python.toc'.

 [1

] [2

]
Chapter 1.
[1

] [2]
LaTeX Font Info:    Trying to load font information for T1+pcr on input line 33
2.
 (/usr/share/texlive/texmf-dist/tex/latex/psnfss/t1pcr.fd
File: t1pcr.fd 2001/06/04 font definitions for T1/pcr.
)
File: 2020-12-01-22-47-51.png Graphic file (type bmp)
<2020-12-01-22-47-51.png>
Missing character: There is no ‘ in font ptmr8t!
Missing character: There is no ’ in font ptmr8t!
File: 2020-12-01-23-05-51.png Graphic file (type bmp)
<2020-12-01-23-05-51.png>
 [3]
File: 2020-12-01-23-31-58.png Graphic file (type bmp)
<2020-12-01-23-31-58.png>
 [4]
File: 2020-12-01-23-47-59.png Graphic file (type bmp)
<2020-12-01-23-47-59.png>

[5]
File: 2020-12-02-00-10-11.png Graphic file (type bmp)
<2020-12-02-00-10-11.png>
File: 2020-12-02-00-08-54.png Graphic file (type bmp)
<2020-12-02-00-08-54.png>

Underfull \hbox (badness 10000) in paragraph at lines 385--387
[]\T1/ptm/m/n/10 Bagi peng-guna yang baru saja in-gin mi-grasi dari Win-dows da
n men-coba an-tar-muka
 []


Underfull \hbox (badness 10000) in paragraph at lines 385--387
\T1/ptm/m/n/10 Linux Desk-top, [][]Lin-uxmint[][] meru-pakan pil-i-han yang ses
uai. De-sain an-tar-mukanya dibuat
 []


Underfull \hbox (badness 10000) in paragraph at lines 385--387
\T1/ptm/m/n/10 sedemikian rupa un-tuk memu-dahkan peng-guna pem-ula yang in-gin
 men-coba Linux.
 []

[6]
File: 2020-12-02-00-08-08.png Graphic file (type bmp)
<2020-12-02-00-08-08.png>
 [7]
File: 2020-12-02-00-11-43.png Graphic file (type bmp)
<2020-12-02-00-11-43.png>
 [8]
File: 2020-12-02-00-11-06.png Graphic file (type bmp)
<2020-12-02-00-11-06.png>
 [9]
File: 2020-12-02-00-35-17.png Graphic file (type bmp)
<2020-12-02-00-35-17.png>
Missing character: There is no “ in font ptmr8t!
Missing character: There is no ” in font ptmr8t!
File: image-20201129191425719.png Graphic file (type bmp)
<image-20201129191425719.png>
 [10]
LaTeX Font Info:    Trying to load font information for TS1+ptm on input line 4
42.
 (/usr/share/texlive/texmf-dist/tex/latex/psnfss/ts1ptm.fd
File: ts1ptm.fd 2001/06/04 font definitions for TS1/ptm.
)
LaTeX Font Info:    Trying to load font information for TS1+pcr on input line 1
.
(/usr/share/texlive/texmf-dist/tex/latex/psnfss/ts1pcr.fd
File: ts1pcr.fd 2001/06/04 font definitions for TS1/pcr.
)
File: 2020-12-02-00-26-50.png Graphic file (type bmp)
<2020-12-02-00-26-50.png>
 [11]
File: 2020-12-02-00-27-16.png Graphic file (type bmp)
<2020-12-02-00-27-16.png>
File: 2020-12-02-00-27-37.png Graphic file (type bmp)
<2020-12-02-00-27-37.png>
 [12]
File: 2020-12-02-00-28-08.png Graphic file (type bmp)
<2020-12-02-00-28-08.png>
 [13]
File: 2020-12-02-00-28-23.png Graphic file (type bmp)
<2020-12-02-00-28-23.png>

Overfull \hbox (4.43994pt too wide) in paragraph at lines 551--552
[]\T1/ptm/m/n/10  [] 
 []

[14]
File: 2020-12-02-00-29-10.png Graphic file (type bmp)
<2020-12-02-00-29-10.png>
 [15]
File: 2020-12-02-00-29-18.png Graphic file (type bmp)
<2020-12-02-00-29-18.png>
File: 2020-12-02-00-29-29.png Graphic file (type bmp)
<2020-12-02-00-29-29.png>
 [16]
File: 2020-12-02-00-29-36.png Graphic file (type bmp)
<2020-12-02-00-29-36.png>
Missing character: There is no ‘ in font ptmr8t!
Missing character: There is no ’ in font ptmr8t!
File: 2020-12-02-00-29-45.png Graphic file (type bmp)
<2020-12-02-00-29-45.png>
File: 2020-12-02-00-29-53.png Graphic file (type bmp)
<2020-12-02-00-29-53.png>
 [17]
File: 2020-12-02-00-30-07.png Graphic file (type bmp)
<2020-12-02-00-30-07.png>
File: 2020-12-02-00-30-17.png Graphic file (type bmp)
<2020-12-02-00-30-17.png>
File: 2020-12-02-00-30-27.png Graphic file (type bmp)
<2020-12-02-00-30-27.png>
 [18]
Missing character: There is no ‘ in font ptmr8t!
Missing character: There is no ’ in font ptmr8t!
 [19]
File: 2020-12-02-02-49-33.png Graphic file (type bmp)
<2020-12-02-02-49-33.png>
Missing character: There is no ‘ in font ptmr8t!
Missing character: There is no ’ in font ptmr8t!
 [20]
Missing character: There is no “ in font ptmb8t!
Missing character: There is no ” in font ptmb8t!
Missing character: There is no ‘ in font ptmr8t!
Missing character: There is no ’ in font ptmr8t!
File: 2020-12-02-03-10-30.png Graphic file (type bmp)
<2020-12-02-03-10-30.png>
Missing character: There is no ‘ in font ptmr8t!
Missing character: There is no ’ in font ptmr8t!
 [21] [22]
File: 2020-12-02-04-08-05.png Graphic file (type bmp)
<2020-12-02-04-08-05.png>
File: 2020-12-02-04-35-50.png Graphic file (type bmp)
<2020-12-02-04-35-50.png>
 [23]
File: 2020-12-02-05-10-13.png Graphic file (type bmp)
<2020-12-02-05-10-13.png>
 [24]
File: 2020-12-07-11-00-11.png Graphic file (type bmp)
<2020-12-07-11-00-11.png>

Underfull \hbox (badness 10000) in paragraph at lines 926--929
[]\T1/ptm/m/n/10 Gunakan per-in-tah \T1/pcr/m/n/10 man <namaperintah> \T1/ptm/m
/n/10 atau \T1/pcr/m/n/10 namaperintah --help \T1/ptm/m/n/10 un-
 []


Underfull \hbox (badness 10000) in paragraph at lines 926--929
\T1/ptm/m/n/10 tuk menampilkan opsi apa saja yang da-pat di-gu-nakan pada tiap 
per-in-
 []


Underfull \hbox (badness 10000) in paragraph at lines 926--929
\T1/ptm/m/n/10 tah terse-but. Se-ba-gai con-toh berikut adalah man-ual page un-
tuk per-in-tah \T1/pcr/m/n/10 ls\T1/ptm/m/n/10 :
 []

File: 2020-12-02-05-08-58.png Graphic file (type bmp)
<2020-12-02-05-08-58.png>
[25]
File: 2020-12-02-05-01-36.png Graphic file (type bmp)
<2020-12-02-05-01-36.png>
 [26]
File: 2020-12-02-05-21-44.png Graphic file (type bmp)
<2020-12-02-05-21-44.png>
File: 2020-12-02-05-29-52.png Graphic file (type bmp)
<2020-12-02-05-29-52.png>
 [27]
File: 2020-12-03-02-08-32.png Graphic file (type bmp)
<2020-12-03-02-08-32.png>
File: 2020-12-02-05-36-00.png Graphic file (type bmp)
<2020-12-02-05-36-00.png>
 [28] [29]
File: 2020-12-02-05-41-38.png Graphic file (type bmp)
<2020-12-02-05-41-38.png>
 [30] [31]
Missing character: There is no ‘ in font ptmr8t!
Missing character: There is no ’ in font ptmr8t!
File: 2020-12-02-08-39-09.png Graphic file (type bmp)
<2020-12-02-08-39-09.png>
File: 2020-12-03-02-33-45.png Graphic file (type bmp)
<2020-12-03-02-33-45.png>
Missing character: There is no “ in font ptmr8t!
Missing character: There is no ” in font ptmr8t!
 [32] [33]
Missing character: There is no “ in font ptmr8t!
Missing character: There is no ” in font ptmr8t!
Missing character: There is no “ in font ptmr8t!
Missing character: There is no ” in font ptmr8t!
Missing character: There is no ‘ in font ptmr8t!
Missing character: There is no ’ in font ptmr8t!
 [34]
File: 2020-12-03-03-02-24.png Graphic file (type bmp)
<2020-12-03-03-02-24.png>
File: 2020-12-02-12-12-30.png Graphic file (type bmp)
<2020-12-02-12-12-30.png>
 [35] [36]
Missing character: There is no ‘ in font ptmr8t!
Missing character: There is no ’ in font ptmr8t!


Package textcomp Warning: Symbol \textasciigrave not provided by
(textcomp)                font family pcr in TS1 encoding.
(textcomp)                Default family used instead on input line 1472.

LaTeX Font Info:    Trying to load font information for T1+lmtt on input line 1
472.
(/usr/share/texmf/tex/latex/lm/t1lmtt.fd
File: t1lmtt.fd 2009/10/30 v1.6 Font defs for Latin Modern
)
LaTeX Font Info:    Trying to load font information for TS1+lmtt on input line 
1472.

(/usr/share/texmf/tex/latex/lm/ts1lmtt.fd
File: ts1lmtt.fd 2009/10/30 v1.6 Font defs for Latin Modern
)

Package textcomp Warning: Symbol \textasciigrave not provided by
(textcomp)                font family pcr in TS1 encoding.
(textcomp)                Default family used instead on input line 1472.


Package textcomp Warning: Symbol \textasciigrave not provided by
(textcomp)                font family pcr in TS1 encoding.
(textcomp)                Default family used instead on input line 1472.


Package textcomp Warning: Symbol \textasciigrave not provided by
(textcomp)                font family pcr in TS1 encoding.
(textcomp)                Default family used instead on input line 1474.


Package textcomp Warning: Symbol \textasciigrave not provided by
(textcomp)                font family pcr in TS1 encoding.
(textcomp)                Default family used instead on input line 1474.


Package textcomp Warning: Symbol \textasciigrave not provided by
(textcomp)                font family pcr in TS1 encoding.
(textcomp)                Default family used instead on input line 1474.


Package textcomp Warning: Symbol \textasciigrave not provided by
(textcomp)                font family pcr in TS1 encoding.
(textcomp)                Default family used instead on input line 1476.


Package textcomp Warning: Symbol \textasciigrave not provided by
(textcomp)                font family pcr in TS1 encoding.
(textcomp)                Default family used instead on input line 1476.


Package textcomp Warning: Symbol \textasciigrave not provided by
(textcomp)                font family pcr in TS1 encoding.
(textcomp)                Default family used instead on input line 1478.


Package textcomp Warning: Symbol \textasciigrave not provided by
(textcomp)                font family pcr in TS1 encoding.
(textcomp)                Default family used instead on input line 1478.


Package textcomp Warning: Symbol \textasciigrave not provided by
(textcomp)                font family pcr in TS1 encoding.
(textcomp)                Default family used instead on input line 1478.


Package textcomp Warning: Symbol \textasciigrave not provided by
(textcomp)                font family pcr in TS1 encoding.
(textcomp)                Default family used instead on input line 1480.


Package textcomp Warning: Symbol \textasciigrave not provided by
(textcomp)                font family pcr in TS1 encoding.
(textcomp)                Default family used instead on input line 1480.


Package textcomp Warning: Symbol \textasciigrave not provided by
(textcomp)                font family pcr in TS1 encoding.
(textcomp)                Default family used instead on input line 1480.


Package textcomp Warning: Symbol \textasciigrave not provided by
(textcomp)                font family pcr in TS1 encoding.
(textcomp)                Default family used instead on input line 1484.


Package textcomp Warning: Symbol \textasciigrave not provided by
(textcomp)                font family pcr in TS1 encoding.
(textcomp)                Default family used instead on input line 1484.


Package textcomp Warning: Symbol \textasciigrave not provided by
(textcomp)                font family pcr in TS1 encoding.
(textcomp)                Default family used instead on input line 1484.


Package textcomp Warning: Symbol \textasciigrave not provided by
(textcomp)                font family pcr in TS1 encoding.
(textcomp)                Default family used instead on input line 1494.


Package textcomp Warning: Symbol \textasciigrave not provided by
(textcomp)                font family pcr in TS1 encoding.
(textcomp)                Default family used instead on input line 1494.


Package textcomp Warning: Symbol \textasciigrave not provided by
(textcomp)                font family pcr in TS1 encoding.
(textcomp)                Default family used instead on input line 1494.

Missing character: There is no ‘ in font ptmr8t!
Missing character: There is no ’ in font ptmr8t!
File: 2020-12-02-10-56-11.png Graphic file (type bmp)
<2020-12-02-10-56-11.png>

Underfull \hbox (badness 10000) in paragraph at lines 1513--1515
[]\T1/ptm/m/n/10 Apabila sta-tus me-nun-jukkan run-ning, artinya web-server Apa
che su-dah berhasil di-jalankan
 []

[37]
File: 2020-12-02-10-57-55.png Graphic file (type bmp)
<2020-12-02-10-57-55.png>
File: 2020-12-07-11-38-03.png Graphic file (type bmp)
<2020-12-07-11-38-03.png>
 [38]
File: 2020-12-02-12-38-31.png Graphic file (type bmp)
<2020-12-02-12-38-31.png>
 [39] [40]
File: 2020-12-03-05-06-39.png Graphic file (type bmp)
<2020-12-03-05-06-39.png>
 [41] [42]
Missing character: There is no ‘ in font ptmr8t!
Missing character: There is no ’ in font ptmr8t!
Missing character: There is no ‘ in font ptmr8t!
Missing character: There is no ’ in font ptmr8t!
Missing character: There is no ‘ in font ptmr8t!
Missing character: There is no ’ in font ptmr8t!
Missing character: There is no ‘ in font ptmr8t!
Missing character: There is no ’ in font ptmr8t!
Missing character: There is no “ in font ptmr8t!
Missing character: There is no ” in font ptmr8t!
Missing character: There is no “ in font ptmr8t!
Missing character: There is no ” in font ptmr8t!
File: 2020-12-07-13-34-29.png Graphic file (type bmp)
<2020-12-07-13-34-29.png>
Missing character: There is no “ in font ptmr8t!
Missing character: There is no ” in font ptmr8t!
Missing character: There is no “ in font ptmr8t!
Missing character: There is no ’ in font ptmb8t!
Missing character: There is no ’ in font ptmb8t!
Missing character: There is no “ in font ptmb8t!
Missing character: There is no ” in font ptmb8t!
Missing character: There is no “ in font ptmb8t!
Missing character: There is no ” in font ptmb8t!
Missing character: There is no “ in font ptmb8t!
Missing character: There is no ” in font ptmb8t!
Missing character: There is no ” in font ptmr8t!
 [43] [44]
Missing character: There is no ’ in font ptmb8t!
Missing character: There is no “ in font ptmr8t!
Missing character: There is no ” in font ptmr8t!
Missing character: There is no ’ in font ptmr8t!
Missing character: There is no ’ in font ptmr8t!
File: 2020-12-02-05-54-51.png Graphic file (type bmp)
<2020-12-02-05-54-51.png>
 [45] [46]
Missing character: There is no “ in font ptmr8t!
Missing character: There is no ” in font ptmr8t!
Missing character: There is no “ in font ptmr8t!
Missing character: There is no ” in font ptmr8t!
Missing character: There is no “ in font ptmr8t!
Missing character: There is no ” in font ptmr8t!
Missing character: There is no “ in font ptmr8t!
Missing character: There is no ” in font ptmr8t!
Missing character: There is no “ in font ptmr8t!
Missing character: There is no ” in font ptmr8t!
Missing character: There is no “ in font ptmr8t!
Missing character: There is no ” in font ptmr8t!
File: 2020-12-07-14-20-24.png Graphic file (type bmp)
<2020-12-07-14-20-24.png>
 [47] [48]
Missing character: There is no “ in font ptmr8t!
Missing character: There is no ” in font ptmr8t!
File: 2020-12-07-17-26-53.png Graphic file (type bmp)
<2020-12-07-17-26-53.png>
File: 2020-12-07-18-08-59.png Graphic file (type bmp)
<2020-12-07-18-08-59.png>
 [49]
File: 2020-12-07-18-28-16.png Graphic file (type bmp)
<2020-12-07-18-28-16.png>
File: 2020-12-07-19-55-11.png Graphic file (type bmp)
<2020-12-07-19-55-11.png>
 [50]
Overfull \vbox (58.28624pt too high) has occurred while \output is active []


[51]
File: 2020-12-07-20-26-38.png Graphic file (type bmp)
<2020-12-07-20-26-38.png>
File: 2020-12-07-18-26-15.png Graphic file (type bmp)
<2020-12-07-18-26-15.png>

Underfull \hbox (badness 10000) in paragraph at lines 2032--2034
[]\T1/ptm/m/n/10 Tunggu sam-pai GRUB (Boot Man-ager Linux) me-mang-gil OS-Geo. 
Sete-lah se-le-sai, Linux
 []


Underfull \hbox (badness 10000) in paragraph at lines 2032--2034
\T1/ptm/m/n/10 akan dim-u-lai. Gu-nakan OS-Geo Live seperti meng-gu-nakan sis-t
em op-erasi seperti bi-asa
 []

[52]
File: 2020-12-07-13-09-54.png Graphic file (type bmp)
<2020-12-07-13-09-54.png>
Missing character: There is no ‘ in font ptmr8t!
Missing character: There is no ’ in font ptmr8t!
 [53]
File: 2020-12-03-08-07-09.png Graphic file (type bmp)
<2020-12-03-08-07-09.png>
File: 2020-12-03-08-07-21.png Graphic file (type bmp)
<2020-12-03-08-07-21.png>
 [54]
Missing character: There is no ‘ in font ptmr8t!
Missing character: There is no ’ in font ptmr8t!
 [55]
Missing character: There is no ‘ in font ptmr8t!
Missing character: There is no ’ in font ptmr8t!
Missing character: There is no “ in font ptmr8t!
Missing character: There is no ” in font ptmr8t!
Missing character: There is no “ in font ptmr8t!
Missing character: There is no ” in font ptmr8t!
Missing character: There is no “ in font ptmr8t!
Missing character: There is no ” in font ptmr8t!
File: 2020-12-03-06-57-27.png Graphic file (type bmp)
<2020-12-03-06-57-27.png>
 [56]
File: 2020-12-03-08-08-58.png Graphic file (type bmp)
<2020-12-03-08-08-58.png>
File: 2020-12-07-23-39-22.png Graphic file (type bmp)
<2020-12-07-23-39-22.png>
 [57]
File: 2020-12-03-08-10-30.png Graphic file (type bmp)
<2020-12-03-08-10-30.png>

Underfull \hbox (badness 10000) in paragraph at lines 2179--2182
[]\T1/ptm/b/n/10 One to Many (1 to n) \T1/ptm/m/n/10 Re-lasi database model ini
 mem-bolehkan data yang sama
 []


Underfull \hbox (badness 10000) in paragraph at lines 2179--2182
\T1/ptm/m/n/10 pada tabel ke-dua, tapi hanya mem-bolehkan data yang bersi-fat u
nique (unik) pada tabel
 []


Underfull \hbox (badness 10000) in paragraph at lines 2179--2182
\T1/ptm/m/n/10 per-tama. Jadi pada model tabel ke-dua boleh memi-liki be-ber-ap
a data yang sama.
 []

File: 2020-12-03-08-09-58.png Graphic file (type bmp)
<2020-12-03-08-09-58.png>
File: 2020-12-03-08-11-05.png Graphic file (type bmp)
<2020-12-03-08-11-05.png>

Underfull \hbox (badness 10000) in paragraph at lines 2187--2190
[]\T1/ptm/b/n/10 Many to many (n to m) \T1/ptm/m/n/10 Berbeda den-gan ke-dua mo
del di-atas, re-lasi database
 []


Underfull \hbox (badness 10000) in paragraph at lines 2187--2190
\T1/ptm/m/n/10 model ini mem-bolehkan be-ber-apa data yang sama baik pada tabel
 per-tama maupun
 []


Underfull \hbox (badness 10000) in paragraph at lines 2187--2190
\T1/ptm/m/n/10 tabel ke-dua. Den-gan demikian tidak ada unique record di ke-dua
 tabel terse-but.
 []

[58]
File: 2020-12-03-08-11-15.png Graphic file (type bmp)
<2020-12-03-08-11-15.png>
File: 2020-12-08-00-41-03.png Graphic file (type bmp)
<2020-12-08-00-41-03.png>
Missing character: There is no ‘ in font ptmr8t!
Missing character: There is no ’ in font ptmr8t!
Missing character: There is no ‘ in font ptmr8t!
Missing character: There is no ’ in font ptmr8t!
Missing character: There is no ‘ in font ptmr8t!
Missing character: There is no ’ in font ptmr8t!
Missing character: There is no ‘ in font ptmr8t!
Missing character: There is no ’ in font ptmr8t!
 [59]
File: 2020-12-03-08-18-49.png Graphic file (type bmp)
<2020-12-03-08-18-49.png>

Overfull \vbox (2.974pt too high) detected at line 2239
 []

[60]
Missing character: There is no ‘ in font ptmr8t!
Missing character: There is no ’ in font ptmr8t!
Missing character: There is no ‘ in font ptmr8t!
Missing character: There is no ’ in font ptmr8t!
Missing character: There is no ‘ in font ptmr8t!
Missing character: There is no ’ in font ptmr8t!
 [61]
File: 2020-12-03-08-22-22.png Graphic file (type bmp)
<2020-12-03-08-22-22.png>
File: 2020-12-03-08-23-12.png Graphic file (type bmp)
<2020-12-03-08-23-12.png>
 [62]
Missing character: There is no ‘ in font pcrr8t!
Missing character: There is no ’ in font pcrr8t!
Missing character: There is no ‘ in font ptmr8t!
Missing character: There is no ’ in font ptmr8t!
File: 2020-12-08-00-54-04.png Graphic file (type bmp)
<2020-12-08-00-54-04.png>
 [63]
File: 2020-12-03-07-21-13.png Graphic file (type bmp)
<2020-12-03-07-21-13.png>
File: 2020-12-03-07-21-29.png Graphic file (type bmp)
<2020-12-03-07-21-29.png>
File: 2020-12-03-07-21-44.png Graphic file (type bmp)
<2020-12-03-07-21-44.png>

Underfull \hbox (badness 10000) in paragraph at lines 2420--2423
[]\T1/ptm/b/n/10 Delete Op-er-a-tion \T1/ptm/m/n/10 Pada op-erasi peng-ha-pu-sa
n, su-atu kri-te-ria diberikan melalui Query un-tuk
 []

Missing character: There is no “ in font ptmr8t!
Missing character: There is no ” in font ptmr8t!
File: 2020-12-03-07-22-43.png Graphic file (type bmp)
<2020-12-03-07-22-43.png>

Overfull \hbox (229.3278pt too wide) in paragraph at lines 2426--2428
[]\T1/ptm/m/n/10 Operasi berikut memilih Cus-tomer den-gan nama Ama-zon [] 
 []

[64]
Missing character: There is no ‘ in font ptmr8t!
Missing character: There is no ’ in font ptmr8t!
File: 2020-12-03-08-27-49.png Graphic file (type bmp)
<2020-12-03-08-27-49.png>
 [65]
File: 2020-12-03-08-36-24.png Graphic file (type bmp)
<2020-12-03-08-36-24.png>
 [66]
Missing character: There is no ‘ in font ptmr8t!
Missing character: There is no ’ in font ptmr8t!
File: 2020-12-03-08-39-33.png Graphic file (type bmp)
<2020-12-03-08-39-33.png>

Underfull \hbox (badness 10000) in paragraph at lines 2560--2562
[]\T1/ptm/m/n/10 Image Post-GIS yang dibuat oleh tim Kar-toza da-pat di-jumpai 
pada Docker Hub se-ba-gai berikut:
 []

[67]

Package textcomp Warning: Symbol \textasciigrave not provided by
(textcomp)                font family ptm in TS1 encoding.
(textcomp)                Default family used instead on input line 2595.

File: 2020-12-03-08-54-59.png Graphic file (type bmp)
<2020-12-03-08-54-59.png>
[68]
File: 2020-12-03-12-40-15.png Graphic file (type bmp)
<2020-12-03-12-40-15.png>

Underfull \hbox (badness 10000) in paragraph at lines 2671--2673
[]\T1/ptm/m/n/10 Dengan meng-gu-nakan \T1/ptm/b/n/10 nano\T1/ptm/m/n/10 , lakuk
an edit-ing pada file \T1/pcr/m/n/10 pg_hba.conf\T1/ptm/m/n/10 . Ubah \T1/pcr/m
/n/10 peer \T1/ptm/m/n/10 men-
 []


Underfull \hbox (badness 10000) in paragraph at lines 2671--2673
\T1/ptm/m/n/10 jadi \T1/pcr/m/n/10 trust \T1/ptm/m/n/10 pada \T1/ptm/b/n/10 Dat
abase ad-min-is-tra-tive lo-gin by Unix do-main socket \T1/ptm/m/n/10 seperti b
erikut:
 []

File: 2020-12-03-12-43-10.png Graphic file (type bmp)
<2020-12-03-12-43-10.png>

Overfull \hbox (175.53862pt too wide) in paragraph at lines 2688--2690
[]\T1/ptm/m/n/10 maka kita akan ma-suk ke shell un-tuk \T1/pcr/m/n/10 psql\T1/p
tm/m/n/10 : [] 
 []

[69]
File: 2020-12-03-08-55-40.png Graphic file (type bmp)
<2020-12-03-08-55-40.png>

Overfull \hbox (38.3495pt too wide) in paragraph at lines 2722--2724
\T1/ptm/m/n/10 berikut:  [] 
 []

File: 2020-12-08-08-01-41.png Graphic file (type bmp)
<2020-12-08-08-01-41.png>
[70]
File: 2020-12-03-08-57-17.png Graphic file (type bmp)
<2020-12-03-08-57-17.png>

Overfull \hbox (4.43994pt too wide) in paragraph at lines 2731--2732
[]\T1/ptm/m/n/10  [] 
 []

File: 2020-12-03-09-00-55.png Graphic file (type bmp)
<2020-12-03-09-00-55.png>
File: 2020-12-08-08-04-07.png Graphic file (type bmp)
<2020-12-08-08-04-07.png>
[71]
File: 2020-12-08-08-05-07.png Graphic file (type bmp)
<2020-12-08-08-05-07.png>
 [72] [73]
File: 2020-12-03-09-08-19.png Graphic file (type bmp)
<2020-12-03-09-08-19.png>
 [74]
File: 2020-12-08-08-09-45.png Graphic file (type bmp)
<2020-12-08-08-09-45.png>
File: 2020-12-03-09-09-34.png Graphic file (type bmp)
<2020-12-03-09-09-34.png>
 [75]
Missing character: There is no ‘ in font ptmr8t!
Missing character: There is no ’ in font ptmr8t!
Missing character: There is no ‘ in font ptmr8t!
Missing character: There is no ’ in font ptmr8t!
File: 2020-12-08-08-16-03.png Graphic file (type bmp)
<2020-12-08-08-16-03.png>
 [76]
File: 2020-12-08-08-30-36.png Graphic file (type bmp)
<2020-12-08-08-30-36.png>
File: 2020-12-08-08-28-48.png Graphic file (type bmp)
<2020-12-08-08-28-48.png>
 [77]
File: 2020-12-08-08-49-47.png Graphic file (type bmp)
<2020-12-08-08-49-47.png>
 [78]
File: 2020-12-08-08-54-57.png Graphic file (type bmp)
<2020-12-08-08-54-57.png>
File: 2020-12-03-10-49-58.png Graphic file (type bmp)
<2020-12-03-10-49-58.png>
 [79]
Missing character: There is no ‘ in font ptmr8t!
Missing character: There is no ’ in font ptmr8t!
Missing character: There is no ‘ in font ptmr8t!
Missing character: There is no ’ in font ptmr8t!
Missing character: There is no ‘ in font ptmr8t!
Missing character: There is no ’ in font ptmr8t!
Missing character: There is no ‘ in font ptmr8t!
Missing character: There is no ’ in font ptmr8t!
 [80]
Missing character: There is no “ in font ptmr8t!
Missing character: There is no ” in font ptmr8t!
Missing character: There is no “ in font ptmri8t!
Missing character: There is no ” in font ptmri8t!
File: 2020-12-03-07-15-37.png Graphic file (type bmp)
<2020-12-03-07-15-37.png>
 [81] [82]
File: 2020-12-08-10-11-09.png Graphic file (type bmp)
<2020-12-08-10-11-09.png>
 [83]
File: 2020-12-08-11-09-21.png Graphic file (type bmp)
<2020-12-08-11-09-21.png>
File: 2020-12-08-11-14-45.png Graphic file (type bmp)
<2020-12-08-11-14-45.png>
File: 2020-12-08-13-01-57.png Graphic file (type bmp)
<2020-12-08-13-01-57.png>
 [84]
File: 2020-12-08-13-05-18.png Graphic file (type bmp)
<2020-12-08-13-05-18.png>
File: 2020-12-08-13-07-12.png Graphic file (type bmp)
<2020-12-08-13-07-12.png>
 [85]
File: 2020-12-08-13-14-28.png Graphic file (type bmp)
<2020-12-08-13-14-28.png>

[86]
File: 2020-12-08-13-15-59.png Graphic file (type bmp)
<2020-12-08-13-15-59.png>

Overfull \hbox (73.90002pt too wide) in paragraph at lines 3173--3175
\T1/pcr/m/n/10 as New Layer [] 
 []

[87]
File: 2020-12-03-13-06-55.png Graphic file (type bmp)
<2020-12-03-13-06-55.png>
 [88] [89]
File: 2020-12-03-13-04-59.png Graphic file (type bmp)
<2020-12-03-13-04-59.png>
File: 2020-12-03-13-04-38.png Graphic file (type bmp)
<2020-12-03-13-04-38.png>
 [90]
File: 2020-12-03-13-04-23.png Graphic file (type bmp)
<2020-12-03-13-04-23.png>
File: 2020-12-03-13-04-11.png Graphic file (type bmp)
<2020-12-03-13-04-11.png>
 [91]
File: 2020-12-03-13-11-23.png Graphic file (type bmp)
<2020-12-03-13-11-23.png>
 [92]
File: 2020-12-03-13-12-33.png Graphic file (type bmp)
<2020-12-03-13-12-33.png>
 [93] [94]
File: 2020-12-04-03-46-57.png Graphic file (type bmp)
<2020-12-04-03-46-57.png>
 [95]
Missing character: There is no “ in font ptmr8t!
Missing character: There is no ” in font ptmr8t!
File: 2020-12-04-03-48-23.png Graphic file (type bmp)
<2020-12-04-03-48-23.png>
File: 2020-12-04-03-49-43.png Graphic file (type bmp)
<2020-12-04-03-49-43.png>
File: 2020-12-04-06-07-31.png Graphic file (type bmp)
<2020-12-04-06-07-31.png>
File: 2020-12-04-06-09-08.png Graphic file (type bmp)
<2020-12-04-06-09-08.png>
 [96] [97]
File: 2020-12-04-06-29-02.png Graphic file (type bmp)
<2020-12-04-06-29-02.png>
File: 2020-12-04-06-29-27.png Graphic file (type bmp)
<2020-12-04-06-29-27.png>
 [98]
File: 2020-12-04-06-30-34.png Graphic file (type bmp)
<2020-12-04-06-30-34.png>
 [99]
File: 2020-12-04-04-22-28.png Graphic file (type bmp)
<2020-12-04-04-22-28.png>
 [100]
File: 2020-12-04-04-27-12.png Graphic file (type bmp)
<2020-12-04-04-27-12.png>
Missing character: There is no ‘ in font ptmr8t!
Missing character: There is no ’ in font ptmr8t!
Missing character: There is no ‘ in font ptmr8t!
Missing character: There is no ’ in font ptmr8t!
File: 2020-12-04-04-33-50.png Graphic file (type bmp)
<2020-12-04-04-33-50.png>
 [101]
File: 2020-12-04-03-55-05.png Graphic file (type bmp)
<2020-12-04-03-55-05.png>

[102]
File: 2020-12-04-06-51-38.png Graphic file (type bmp)
<2020-12-04-06-51-38.png>
File: 2020-12-04-06-53-48.png Graphic file (type bmp)
<2020-12-04-06-53-48.png>
 [103]
File: 2020-12-04-07-15-07.png Graphic file (type bmp)
<2020-12-04-07-15-07.png>

Underfull \hbox (badness 10000) in paragraph at lines 3730--3732
[]\T1/ptm/m/n/10 Buka browser pada Win-dows di ala-mat: \T1/pcr/m/n/10 localhos
t:8080/geoserver
 []

[104]
File: 2020-12-04-09-00-34.png Graphic file (type bmp)
<2020-12-04-09-00-34.png>
 [105]
Missing character: There is no ≈ in font ptmr8t!
File: 2020-12-04-08-57-51.png Graphic file (type bmp)
<2020-12-04-08-57-51.png>
File: 2020-12-04-08-55-02.png Graphic file (type bmp)
<2020-12-04-08-55-02.png>
 [106]
File: 2020-12-04-08-53-02.png Graphic file (type bmp)
<2020-12-04-08-53-02.png>
 [107]
File: 2020-12-08-13-45-12.png Graphic file (type bmp)
<2020-12-08-13-45-12.png>
 [108]
File: 2020-12-08-14-02-26.png Graphic file (type bmp)
<2020-12-08-14-02-26.png>
File: 2020-12-08-14-07-57.png Graphic file (type bmp)
<2020-12-08-14-07-57.png>
 [109]
Missing character: There is no ‘ in font ptmr8t!


Package textcomp Warning: Symbol \textasciigrave not provided by
(textcomp)                font family ptm in TS1 encoding.
(textcomp)                Default family used instead on input line 3832.

File: 2020-12-08-14-09-30.png Graphic file (type bmp)
<2020-12-08-14-09-30.png>
File: 2020-12-08-15-17-01.png Graphic file (type bmp)
<2020-12-08-15-17-01.png>
[110]
File: 2020-12-08-16-08-26.png Graphic file (type bmp)
<2020-12-08-16-08-26.png>
 [111]
File: 2020-12-04-08-55-41.png Graphic file (type bmp)
<2020-12-04-08-55-41.png>
 [112] [113]
File: 2020-12-04-08-58-42.png Graphic file (type bmp)
<2020-12-04-08-58-42.png>
 [114]
File: 2020-12-08-16-01-09.png Graphic file (type bmp)
<2020-12-08-16-01-09.png>
 [115]
File: 2020-12-08-16-03-00.png Graphic file (type bmp)
<2020-12-08-16-03-00.png>
File: 2020-12-04-05-23-55.png Graphic file (type bmp)
<2020-12-04-05-23-55.png>
 [116]
File: 2020-12-04-08-47-22.png Graphic file (type bmp)
<2020-12-04-08-47-22.png>
 [117]
File: 2020-12-08-16-38-57.png Graphic file (type bmp)
<2020-12-08-16-38-57.png>
File: 2020-12-08-16-45-50.png Graphic file (type bmp)
<2020-12-08-16-45-50.png>
 [118]
File: 2020-12-08-16-47-23.png Graphic file (type bmp)
<2020-12-08-16-47-23.png>
File: 2020-12-08-16-48-59.png Graphic file (type bmp)
<2020-12-08-16-48-59.png>
 [119]
Missing character: There is no ‘ in font ptmr8t!
Missing character: There is no ’ in font ptmr8t!
Missing character: There is no ‘ in font ptmr8t!
Missing character: There is no ’ in font ptmr8t!
 (./python.ind)
Package atveryend Info: Empty hook `BeforeClearDocument' on input line 4043.

[120]
Package atveryend Info: Empty hook `AfterLastShipout' on input line 4043.
 (./python.aux)
Package atveryend Info: Empty hook `AtVeryEndDocument' on input line 4043.
Package atveryend Info: Executing hook `AtEndAfterFileList' on input line 4043.

Package rerunfilecheck Info: File `python.out' has not changed.
(rerunfilecheck)             Checksum: BAB73D7272DF1CFCA599CACDB52D2A0F;687.
Package atveryend Info: Empty hook `AtVeryVeryEnd' on input line 4043.
 ) 
Here is how much of TeX's memory you used:
 14343 strings out of 481804
 218016 string characters out of 5937876
 504586 words of memory out of 5000000
 30903 multiletter control sequences out of 15000+600000
 580438 words of font info for 90 fonts, out of 8000000 for 9000
 15 hyphenation exceptions out of 8191
 38i,12n,49p,1151b,552s stack positions out of 5000i,500n,10000p,200000b,80000s

Output written on python.pdf (124 pages).
